Database connection pool initialized
Starting integrated API server in foreground mode (PID: 4161467)
2026-03-25 17:25:55,633 - api-server - INFO - Starting API server on 0.0.0.0:43689
2026-03-25 17:25:55,633 - api-server - WARNING - Status file is too old: ./run/scanner_status.json (modified 616.4 seconds ago)
2026-03-25 17:25:55,634 - api-server - INFO - Scan status file: ./run/scanner_status.json
2026-03-25 17:25:55,634 - api-server - WARNING - Status file is too old: ./run/processor_status.json (modified 614.4 seconds ago)
2026-03-25 17:25:55,634 - api-server - INFO - Process status file: ./run/processor_status.json
WebSocket transport not available. Install simple-websocket for improved performance.
Error starting API server: The Werkzeug web server is not designed to run in production. Pass allow_unsafe_werkzeug=True to the run() method to disable this error.
2026-03-25 17:25:57,220 - api-server - WARNING - Status file is too old: ./run/scanner_status.json (modified 618.0 seconds ago)
2026-03-25 17:25:57,220 - api-server - WARNING - Status file is too old: ./run/processor_status.json (modified 616.0 seconds ago)
2026-03-25 17:25:59,331 - api-server - WARNING - Status file is too old: ./run/scanner_status.json (modified 620.1 seconds ago)
2026-03-25 17:25:59,331 - api-server - WARNING - Status file is too old: ./run/processor_status.json (modified 618.1 seconds ago)
2026-03-25 17:26:01,440 - api-server - WARNING - Status file is too old: ./run/scanner_status.json (modified 622.2 seconds ago)
2026-03-25 17:26:01,440 - api-server - WARNING - Status file is too old: ./run/processor_status.json (modified 620.2 seconds ago)
2026-03-25 17:26:03,551 - api-server - WARNING - Status file is too old: ./run/scanner_status.json (modified 624.4 seconds ago)
2026-03-25 17:26:03,551 - api-server - WARNING - Status file is too old: ./run/processor_status.json (modified 622.4 seconds ago)
2026-03-25 17:26:05,663 - api-server - WARNING - Status file is too old: ./run/scanner_status.json (modified 626.5 seconds ago)
2026-03-25 17:26:05,663 - api-server - WARNING - Status file is too old: ./run/processor_status.json (modified 624.5 seconds ago)
2026-03-25 17:26:07,775 - api-server - WARNING - Status file is too old: ./run/scanner_status.json (modified 628.6 seconds ago)
2026-03-25 17:26:07,776 - api-server - WARNING - Status file is too old: ./run/processor_status.json (modified 626.6 seconds ago)
2026-03-25 17:26:09,888 - api-server - WARNING - Status file is too old: ./run/scanner_status.json (modified 630.7 seconds ago)
2026-03-25 17:26:09,889 - api-server - WARNING - Status file is too old: ./run/processor_status.json (modified 628.7 seconds ago)
2026-03-25 17:26:12,000 - api-server - WARNING - Status file is too old: ./run/scanner_status.json (modified 632.8 seconds ago)
2026-03-25 17:26:12,000 - api-server - WARNING - Status file is too old: ./run/processor_status.json (modified 630.8 seconds ago)
2026-03-25 17:26:14,112 - api-server - WARNING - Status file is too old: ./run/scanner_status.json (modified 634.9 seconds ago)
2026-03-25 17:26:14,112 - api-server - WARNING - Status file is too old: ./run/processor_status.json (modified 632.9 seconds ago)
2026-03-25 17:26:16,224 - api-server - WARNING - Status file is too old: ./run/scanner_status.json (modified 637.0 seconds ago)
2026-03-25 17:26:16,224 - api-server - WARNING - Status file is too old: ./run/processor_status.json (modified 635.0 seconds ago)
2026-03-25 17:26:18,336 - api-server - WARNING - Status file is too old: ./run/scanner_status.json (modified 639.1 seconds ago)
2026-03-25 17:26:18,337 - api-server - WARNING - Status file is too old: ./run/processor_status.json (modified 637.1 seconds ago)
2026-03-25 17:26:20,448 - api-server - WARNING - Status file is too old: ./run/scanner_status.json (modified 641.3 seconds ago)
2026-03-25 17:26:20,448 - api-server - WARNING - Status file is too old: ./run/processor_status.json (modified 639.3 seconds ago)
2026-03-25 17:26:22,558 - api-server - WARNING - Status file is too old: ./run/scanner_status.json (modified 643.4 seconds ago)
2026-03-25 17:26:22,558 - api-server - WARNING - Status file is too old: ./run/processor_status.json (modified 641.4 seconds ago)
2026-03-25 17:26:24,670 - api-server - WARNING - Status file is too old: ./run/scanner_status.json (modified 645.5 seconds ago)
2026-03-25 17:26:24,670 - api-server - WARNING - Status file is too old: ./run/processor_status.json (modified 643.5 seconds ago)
2026-03-25 17:26:26,781 - api-server - WARNING - Status file is too old: ./run/scanner_status.json (modified 647.6 seconds ago)
2026-03-25 17:26:26,781 - api-server - WARNING - Status file is too old: ./run/processor_status.json (modified 645.6 seconds ago)
2026-03-25 17:26:26,906 - api-server - WARNING - Status file is too old: ./run/scanner_status.json (modified 647.7 seconds ago)
2026-03-25 17:26:26,907 - api-server - WARNING - Status file is too old: ./run/processor_status.json (modified 645.7 seconds ago)
2026-03-25 17:26:28,893 - api-server - WARNING - Status file is too old: ./run/scanner_status.json (modified 649.7 seconds ago)
2026-03-25 17:26:28,894 - api-server - WARNING - Status file is too old: ./run/processor_status.json (modified 647.7 seconds ago)
2026-03-25 17:26:28,924 - api-server - WARNING - Status file is too old: ./run/scanner_status.json (modified 649.7 seconds ago)
2026-03-25 17:26:28,927 - api-server - WARNING - Status file is too old: ./run/processor_status.json (modified 647.7 seconds ago)
2026-03-25 17:26:30,944 - api-server - WARNING - Status file is too old: ./run/scanner_status.json (modified 651.7 seconds ago)
2026-03-25 17:26:30,946 - api-server - WARNING - Status file is too old: ./run/processor_status.json (modified 649.8 seconds ago)
2026-03-25 17:26:31,005 - api-server - WARNING - Status file is too old: ./run/scanner_status.json (modified 651.8 seconds ago)
2026-03-25 17:26:31,005 - api-server - WARNING - Status file is too old: ./run/processor_status.json (modified 649.8 seconds ago)
2026-03-25 17:26:32,967 - api-server - WARNING - Status file is too old: ./run/scanner_status.json (modified 653.8 seconds ago)
2026-03-25 17:26:32,969 - api-server - WARNING - Status file is too old: ./run/processor_status.json (modified 651.8 seconds ago)
2026-03-25 17:26:33,117 - api-server - WARNING - Status file is too old: ./run/scanner_status.json (modified 653.9 seconds ago)
2026-03-25 17:26:33,118 - api-server - WARNING - Status file is too old: ./run/processor_status.json (modified 651.9 seconds ago)
2026-03-25 17:26:34,986 - api-server - WARNING - Status file is too old: ./run/scanner_status.json (modified 655.8 seconds ago)
2026-03-25 17:26:34,988 - api-server - WARNING - Status file is too old: ./run/processor_status.json (modified 653.8 seconds ago)
2026-03-25 17:26:35,232 - api-server - WARNING - Status file is too old: ./run/scanner_status.json (modified 656.0 seconds ago)
2026-03-25 17:26:35,232 - api-server - WARNING - Status file is too old: ./run/processor_status.json (modified 654.0 seconds ago)
2026-03-25 17:26:37,004 - api-server - WARNING - Status file is too old: ./run/scanner_status.json (modified 657.8 seconds ago)
2026-03-25 17:26:37,006 - api-server - WARNING - Status file is too old: ./run/processor_status.json (modified 655.8 seconds ago)
2026-03-25 17:26:37,343 - api-server - WARNING - Status file is too old: ./run/scanner_status.json (modified 658.1 seconds ago)
2026-03-25 17:26:37,343 - api-server - WARNING - Status file is too old: ./run/processor_status.json (modified 656.1 seconds ago)
2026-03-25 17:26:39,021 - api-server - WARNING - Status file is too old: ./run/scanner_status.json (modified 659.8 seconds ago)
2026-03-25 17:26:39,023 - api-server - WARNING - Status file is too old: ./run/processor_status.json (modified 657.8 seconds ago)
2026-03-25 17:26:39,454 - api-server - WARNING - Status file is too old: ./run/scanner_status.json (modified 660.3 seconds ago)
2026-03-25 17:26:39,454 - api-server - WARNING - Status file is too old: ./run/processor_status.json (modified 658.3 seconds ago)
2026-03-25 17:26:41,041 - api-server - WARNING - Status file is too old: ./run/scanner_status.json (modified 661.8 seconds ago)
2026-03-25 17:26:41,043 - api-server - WARNING - Status file is too old: ./run/processor_status.json (modified 659.8 seconds ago)
2026-03-25 17:26:41,566 - api-server - WARNING - Status file is too old: ./run/scanner_status.json (modified 662.4 seconds ago)
2026-03-25 17:26:41,566 - api-server - WARNING - Status file is too old: ./run/processor_status.json (modified 660.4 seconds ago)
2026-03-25 17:26:43,061 - api-server - WARNING - Status file is too old: ./run/scanner_status.json (modified 663.9 seconds ago)
2026-03-25 17:26:43,063 - api-server - WARNING - Status file is too old: ./run/processor_status.json (modified 661.9 seconds ago)
2026-03-25 17:26:43,676 - api-server - WARNING - Status file is too old: ./run/scanner_status.json (modified 664.5 seconds ago)
2026-03-25 17:26:43,676 - api-server - WARNING - Status file is too old: ./run/processor_status.json (modified 662.5 seconds ago)
2026-03-25 17:26:45,082 - api-server - WARNING - Status file is too old: ./run/scanner_status.json (modified 665.9 seconds ago)
2026-03-25 17:26:45,085 - api-server - WARNING - Status file is too old: ./run/processor_status.json (modified 663.9 seconds ago)
2026-03-25 17:26:45,787 - api-server - WARNING - Status file is too old: ./run/scanner_status.json (modified 666.6 seconds ago)
2026-03-25 17:26:45,787 - api-server - WARNING - Status file is too old: ./run/processor_status.json (modified 664.6 seconds ago)
2026-03-25 17:26:47,105 - api-server - WARNING - Status file is too old: ./run/scanner_status.json (modified 667.9 seconds ago)
2026-03-25 17:26:47,107 - api-server - WARNING - Status file is too old: ./run/processor_status.json (modified 665.9 seconds ago)
2026-03-25 17:26:47,896 - api-server - WARNING - Status file is too old: ./run/scanner_status.json (modified 668.7 seconds ago)
2026-03-25 17:26:47,897 - api-server - WARNING - Status file is too old: ./run/processor_status.json (modified 666.7 seconds ago)
2026-03-25 17:26:49,122 - api-server - WARNING - Status file is too old: ./run/scanner_status.json (modified 669.9 seconds ago)
2026-03-25 17:26:49,125 - api-server - WARNING - Status file is too old: ./run/processor_status.json (modified 667.9 seconds ago)
2026-03-25 17:26:50,010 - api-server - WARNING - Status file is too old: ./run/scanner_status.json (modified 670.8 seconds ago)
2026-03-25 17:26:50,010 - api-server - WARNING - Status file is too old: ./run/processor_status.json (modified 668.8 seconds ago)
2026-03-25 17:26:51,142 - api-server - WARNING - Status file is too old: ./run/scanner_status.json (modified 671.9 seconds ago)
2026-03-25 17:26:51,144 - api-server - WARNING - Status file is too old: ./run/processor_status.json (modified 669.9 seconds ago)
2026-03-25 17:26:52,121 - api-server - WARNING - Status file is too old: ./run/scanner_status.json (modified 672.9 seconds ago)
2026-03-25 17:26:52,122 - api-server - WARNING - Status file is too old: ./run/processor_status.json (modified 670.9 seconds ago)
2026-03-25 17:26:53,162 - api-server - WARNING - Status file is too old: ./run/scanner_status.json (modified 674.0 seconds ago)
2026-03-25 17:26:53,164 - api-server - WARNING - Status file is too old: ./run/processor_status.json (modified 672.0 seconds ago)
2026-03-25 17:26:54,231 - api-server - WARNING - Status file is too old: ./run/scanner_status.json (modified 675.0 seconds ago)
2026-03-25 17:26:54,231 - api-server - WARNING - Status file is too old: ./run/processor_status.json (modified 673.0 seconds ago)
2026-03-25 17:26:55,181 - api-server - WARNING - Status file is too old: ./run/scanner_status.json (modified 676.0 seconds ago)
2026-03-25 17:26:55,183 - api-server - WARNING - Status file is too old: ./run/processor_status.json (modified 674.0 seconds ago)
2026-03-25 17:26:56,341 - api-server - WARNING - Status file is too old: ./run/scanner_status.json (modified 677.1 seconds ago)
2026-03-25 17:26:56,341 - api-server - WARNING - Status file is too old: ./run/processor_status.json (modified 675.1 seconds ago)
2026-03-25 17:26:57,199 - api-server - WARNING - Status file is too old: ./run/scanner_status.json (modified 678.0 seconds ago)
2026-03-25 17:26:57,201 - api-server - WARNING - Status file is too old: ./run/processor_status.json (modified 676.0 seconds ago)
2026-03-25 17:26:58,451 - api-server - WARNING - Status file is too old: ./run/scanner_status.json (modified 679.3 seconds ago)
2026-03-25 17:26:58,451 - api-server - WARNING - Status file is too old: ./run/processor_status.json (modified 677.3 seconds ago)
2026-03-25 17:26:59,219 - api-server - WARNING - Status file is too old: ./run/scanner_status.json (modified 680.0 seconds ago)
2026-03-25 17:26:59,222 - api-server - WARNING - Status file is too old: ./run/processor_status.json (modified 678.0 seconds ago)
2026-03-25 17:27:00,562 - api-server - WARNING - Status file is too old: ./run/scanner_status.json (modified 681.4 seconds ago)
2026-03-25 17:27:00,562 - api-server - WARNING - Status file is too old: ./run/processor_status.json (modified 679.4 seconds ago)
2026-03-25 17:27:01,239 - api-server - WARNING - Status file is too old: ./run/scanner_status.json (modified 682.0 seconds ago)
2026-03-25 17:27:01,241 - api-server - WARNING - Status file is too old: ./run/processor_status.json (modified 680.0 seconds ago)
2026-03-25 17:27:02,674 - api-server - WARNING - Status file is too old: ./run/scanner_status.json (modified 683.5 seconds ago)
2026-03-25 17:27:02,674 - api-server - WARNING - Status file is too old: ./run/processor_status.json (modified 681.5 seconds ago)
2026-03-25 17:27:03,259 - api-server - WARNING - Status file is too old: ./run/scanner_status.json (modified 684.1 seconds ago)
2026-03-25 17:27:03,261 - api-server - WARNING - Status file is too old: ./run/processor_status.json (modified 682.1 seconds ago)
2026-03-25 17:27:04,798 - api-server - WARNING - Status file is too old: ./run/scanner_status.json (modified 685.6 seconds ago)
2026-03-25 17:27:04,798 - api-server - WARNING - Status file is too old: ./run/processor_status.json (modified 683.6 seconds ago)
2026-03-25 17:27:05,278 - api-server - WARNING - Status file is too old: ./run/scanner_status.json (modified 686.1 seconds ago)
2026-03-25 17:27:05,281 - api-server - WARNING - Status file is too old: ./run/processor_status.json (modified 684.1 seconds ago)
2026-03-25 17:27:06,908 - api-server - WARNING - Status file is too old: ./run/scanner_status.json (modified 687.7 seconds ago)
2026-03-25 17:27:06,908 - api-server - WARNING - Status file is too old: ./run/processor_status.json (modified 685.7 seconds ago)
2026-03-25 17:27:07,301 - api-server - WARNING - Status file is too old: ./run/scanner_status.json (modified 688.1 seconds ago)
2026-03-25 17:27:07,303 - api-server - WARNING - Status file is too old: ./run/processor_status.json (modified 686.1 seconds ago)
2026-03-25 17:27:09,020 - api-server - WARNING - Status file is too old: ./run/scanner_status.json (modified 689.8 seconds ago)
2026-03-25 17:27:09,021 - api-server - WARNING - Status file is too old: ./run/processor_status.json (modified 687.8 seconds ago)
2026-03-25 17:27:09,320 - api-server - WARNING - Status file is too old: ./run/scanner_status.json (modified 690.1 seconds ago)
2026-03-25 17:27:09,322 - api-server - WARNING - Status file is too old: ./run/processor_status.json (modified 688.1 seconds ago)
2026-03-25 17:27:11,140 - api-server - WARNING - Status file is too old: ./run/scanner_status.json (modified 691.9 seconds ago)
2026-03-25 17:27:11,140 - api-server - WARNING - Status file is too old: ./run/processor_status.json (modified 689.9 seconds ago)
2026-03-25 17:27:11,339 - api-server - WARNING - Status file is too old: ./run/scanner_status.json (modified 692.1 seconds ago)
2026-03-25 17:27:11,341 - api-server - WARNING - Status file is too old: ./run/processor_status.json (modified 690.1 seconds ago)
2026-03-25 17:27:13,251 - api-server - WARNING - Status file is too old: ./run/scanner_status.json (modified 694.1 seconds ago)
2026-03-25 17:27:13,251 - api-server - WARNING - Status file is too old: ./run/processor_status.json (modified 692.1 seconds ago)
2026-03-25 17:27:13,358 - api-server - WARNING - Status file is too old: ./run/scanner_status.json (modified 694.2 seconds ago)
2026-03-25 17:27:13,360 - api-server - WARNING - Status file is too old: ./run/processor_status.json (modified 692.2 seconds ago)
2026-03-25 17:27:15,365 - api-server - WARNING - Status file is too old: ./run/scanner_status.json (modified 696.2 seconds ago)
2026-03-25 17:27:15,365 - api-server - WARNING - Status file is too old: ./run/processor_status.json (modified 694.2 seconds ago)
2026-03-25 17:27:15,381 - api-server - WARNING - Status file is too old: ./run/scanner_status.json (modified 696.2 seconds ago)
2026-03-25 17:27:15,383 - api-server - WARNING - Status file is too old: ./run/processor_status.json (modified 694.2 seconds ago)
2026-03-25 17:27:17,400 - api-server - WARNING - Status file is too old: ./run/scanner_status.json (modified 698.2 seconds ago)
2026-03-25 17:27:17,402 - api-server - WARNING - Status file is too old: ./run/processor_status.json (modified 696.2 seconds ago)
2026-03-25 17:27:17,476 - api-server - WARNING - Status file is too old: ./run/scanner_status.json (modified 698.3 seconds ago)
2026-03-25 17:27:17,476 - api-server - WARNING - Status file is too old: ./run/processor_status.json (modified 696.3 seconds ago)
2026-03-25 17:27:19,422 - api-server - WARNING - Status file is too old: ./run/scanner_status.json (modified 700.2 seconds ago)
2026-03-25 17:27:19,425 - api-server - WARNING - Status file is too old: ./run/processor_status.json (modified 698.2 seconds ago)
2026-03-25 17:27:19,586 - api-server - WARNING - Status file is too old: ./run/scanner_status.json (modified 700.4 seconds ago)
2026-03-25 17:27:19,586 - api-server - WARNING - Status file is too old: ./run/processor_status.json (modified 698.4 seconds ago)
2026-03-25 17:27:21,443 - api-server - WARNING - Status file is too old: ./run/scanner_status.json (modified 702.2 seconds ago)
2026-03-25 17:27:21,445 - api-server - WARNING - Status file is too old: ./run/processor_status.json (modified 700.3 seconds ago)
2026-03-25 17:27:21,696 - api-server - WARNING - Status file is too old: ./run/scanner_status.json (modified 702.5 seconds ago)
2026-03-25 17:27:21,696 - api-server - WARNING - Status file is too old: ./run/processor_status.json (modified 700.5 seconds ago)
2026-03-25 17:27:23,464 - api-server - WARNING - Status file is too old: ./run/scanner_status.json (modified 704.3 seconds ago)
2026-03-25 17:27:23,466 - api-server - WARNING - Status file is too old: ./run/processor_status.json (modified 702.3 seconds ago)
2026-03-25 17:27:23,808 - api-server - WARNING - Status file is too old: ./run/scanner_status.json (modified 704.6 seconds ago)
2026-03-25 17:27:23,808 - api-server - WARNING - Status file is too old: ./run/processor_status.json (modified 702.6 seconds ago)
2026-03-25 17:27:25,485 - api-server - WARNING - Status file is too old: ./run/scanner_status.json (modified 706.3 seconds ago)
2026-03-25 17:27:25,487 - api-server - WARNING - Status file is too old: ./run/processor_status.json (modified 704.3 seconds ago)
2026-03-25 17:27:25,919 - api-server - WARNING - Status file is too old: ./run/scanner_status.json (modified 706.7 seconds ago)
2026-03-25 17:27:25,919 - api-server - WARNING - Status file is too old: ./run/processor_status.json (modified 704.7 seconds ago)
2026-03-25 17:27:27,505 - api-server - WARNING - Status file is too old: ./run/scanner_status.json (modified 708.3 seconds ago)
2026-03-25 17:27:27,507 - api-server - WARNING - Status file is too old: ./run/processor_status.json (modified 706.3 seconds ago)
2026-03-25 17:27:28,030 - api-server - WARNING - Status file is too old: ./run/scanner_status.json (modified 708.8 seconds ago)
2026-03-25 17:27:28,030 - api-server - WARNING - Status file is too old: ./run/processor_status.json (modified 706.8 seconds ago)
2026-03-25 17:27:29,523 - api-server - WARNING - Status file is too old: ./run/scanner_status.json (modified 710.3 seconds ago)
2026-03-25 17:27:29,526 - api-server - WARNING - Status file is too old: ./run/processor_status.json (modified 708.3 seconds ago)
2026-03-25 17:27:30,141 - api-server - WARNING - Status file is too old: ./run/scanner_status.json (modified 710.9 seconds ago)
2026-03-25 17:27:30,141 - api-server - WARNING - Status file is too old: ./run/processor_status.json (modified 708.9 seconds ago)
2026-03-25 17:27:31,552 - api-server - WARNING - Status file is too old: ./run/scanner_status.json (modified 712.4 seconds ago)
2026-03-25 17:27:31,554 - api-server - WARNING - Status file is too old: ./run/processor_status.json (modified 710.4 seconds ago)
2026-03-25 17:27:32,251 - api-server - WARNING - Status file is too old: ./run/scanner_status.json (modified 713.1 seconds ago)
2026-03-25 17:27:32,252 - api-server - WARNING - Status file is too old: ./run/processor_status.json (modified 711.1 seconds ago)
2026-03-25 17:27:33,571 - api-server - WARNING - Status file is too old: ./run/scanner_status.json (modified 714.4 seconds ago)
2026-03-25 17:27:33,573 - api-server - WARNING - Status file is too old: ./run/processor_status.json (modified 712.4 seconds ago)
2026-03-25 17:27:34,363 - api-server - WARNING - Status file is too old: ./run/scanner_status.json (modified 715.2 seconds ago)
2026-03-25 17:27:34,363 - api-server - WARNING - Status file is too old: ./run/processor_status.json (modified 713.2 seconds ago)
2026-03-25 17:27:35,591 - api-server - WARNING - Status file is too old: ./run/scanner_status.json (modified 716.4 seconds ago)
2026-03-25 17:27:35,593 - api-server - WARNING - Status file is too old: ./run/processor_status.json (modified 714.4 seconds ago)
2026-03-25 17:27:36,474 - api-server - WARNING - Status file is too old: ./run/scanner_status.json (modified 717.3 seconds ago)
2026-03-25 17:27:36,475 - api-server - WARNING - Status file is too old: ./run/processor_status.json (modified 715.3 seconds ago)
2026-03-25 17:27:37,612 - api-server - WARNING - Status file is too old: ./run/scanner_status.json (modified 718.4 seconds ago)
2026-03-25 17:27:37,614 - api-server - WARNING - Status file is too old: ./run/processor_status.json (modified 716.4 seconds ago)
2026-03-25 17:27:38,586 - api-server - WARNING - Status file is too old: ./run/scanner_status.json (modified 719.4 seconds ago)
2026-03-25 17:27:38,586 - api-server - WARNING - Status file is too old: ./run/processor_status.json (modified 717.4 seconds ago)
2026-03-25 17:27:39,634 - api-server - WARNING - Status file is too old: ./run/scanner_status.json (modified 720.4 seconds ago)
2026-03-25 17:27:39,636 - api-server - WARNING - Status file is too old: ./run/processor_status.json (modified 718.4 seconds ago)
2026-03-25 17:27:40,698 - api-server - WARNING - Status file is too old: ./run/scanner_status.json (modified 721.5 seconds ago)
2026-03-25 17:27:40,698 - api-server - WARNING - Status file is too old: ./run/processor_status.json (modified 719.5 seconds ago)
2026-03-25 17:27:41,653 - api-server - WARNING - Status file is too old: ./run/scanner_status.json (modified 722.5 seconds ago)
2026-03-25 17:27:41,655 - api-server - WARNING - Status file is too old: ./run/processor_status.json (modified 720.5 seconds ago)
2026-03-25 17:27:42,809 - api-server - WARNING - Status file is too old: ./run/scanner_status.json (modified 723.6 seconds ago)
2026-03-25 17:27:42,809 - api-server - WARNING - Status file is too old: ./run/processor_status.json (modified 721.6 seconds ago)
2026-03-25 17:27:43,674 - api-server - WARNING - Status file is too old: ./run/scanner_status.json (modified 724.5 seconds ago)
2026-03-25 17:27:43,676 - api-server - WARNING - Status file is too old: ./run/processor_status.json (modified 722.5 seconds ago)
2026-03-25 17:27:44,920 - api-server - WARNING - Status file is too old: ./run/scanner_status.json (modified 725.7 seconds ago)
2026-03-25 17:27:44,920 - api-server - WARNING - Status file is too old: ./run/processor_status.json (modified 723.7 seconds ago)
2026-03-25 17:27:45,694 - api-server - WARNING - Status file is too old: ./run/scanner_status.json (modified 726.5 seconds ago)
2026-03-25 17:27:45,696 - api-server - WARNING - Status file is too old: ./run/processor_status.json (modified 724.5 seconds ago)
2026-03-25 17:27:47,033 - api-server - WARNING - Status file is too old: ./run/scanner_status.json (modified 727.8 seconds ago)
2026-03-25 17:27:47,033 - api-server - WARNING - Status file is too old: ./run/processor_status.json (modified 725.8 seconds ago)
2026-03-25 17:27:47,712 - api-server - WARNING - Status file is too old: ./run/scanner_status.json (modified 728.5 seconds ago)
2026-03-25 17:27:47,714 - api-server - WARNING - Status file is too old: ./run/processor_status.json (modified 726.5 seconds ago)
2026-03-25 17:27:49,145 - api-server - WARNING - Status file is too old: ./run/scanner_status.json (modified 729.9 seconds ago)
2026-03-25 17:27:49,145 - api-server - WARNING - Status file is too old: ./run/processor_status.json (modified 727.9 seconds ago)
2026-03-25 17:27:49,730 - api-server - WARNING - Status file is too old: ./run/scanner_status.json (modified 730.5 seconds ago)
2026-03-25 17:27:49,733 - api-server - WARNING - Status file is too old: ./run/processor_status.json (modified 728.5 seconds ago)
2026-03-25 17:27:51,256 - api-server - WARNING - Status file is too old: ./run/scanner_status.json (modified 732.1 seconds ago)
2026-03-25 17:27:51,256 - api-server - WARNING - Status file is too old: ./run/processor_status.json (modified 730.1 seconds ago)
2026-03-25 17:27:51,751 - api-server - WARNING - Status file is too old: ./run/scanner_status.json (modified 732.6 seconds ago)
2026-03-25 17:27:51,753 - api-server - WARNING - Status file is too old: ./run/processor_status.json (modified 730.6 seconds ago)
2026-03-25 17:27:53,367 - api-server - WARNING - Status file is too old: ./run/scanner_status.json (modified 734.2 seconds ago)
2026-03-25 17:27:53,367 - api-server - WARNING - Status file is too old: ./run/processor_status.json (modified 732.2 seconds ago)
2026-03-25 17:27:53,769 - api-server - WARNING - Status file is too old: ./run/scanner_status.json (modified 734.6 seconds ago)
2026-03-25 17:27:53,772 - api-server - WARNING - Status file is too old: ./run/processor_status.json (modified 732.6 seconds ago)
2026-03-25 17:27:55,477 - api-server - WARNING - Status file is too old: ./run/scanner_status.json (modified 736.3 seconds ago)
2026-03-25 17:27:55,478 - api-server - WARNING - Status file is too old: ./run/processor_status.json (modified 734.3 seconds ago)
2026-03-25 17:27:55,789 - api-server - WARNING - Status file is too old: ./run/scanner_status.json (modified 736.6 seconds ago)
2026-03-25 17:27:55,791 - api-server - WARNING - Status file is too old: ./run/processor_status.json (modified 734.6 seconds ago)
2026-03-25 17:27:57,587 - api-server - WARNING - Status file is too old: ./run/scanner_status.json (modified 738.4 seconds ago)
2026-03-25 17:27:57,587 - api-server - WARNING - Status file is too old: ./run/processor_status.json (modified 736.4 seconds ago)
2026-03-25 17:27:57,810 - api-server - WARNING - Status file is too old: ./run/scanner_status.json (modified 738.6 seconds ago)
2026-03-25 17:27:57,812 - api-server - WARNING - Status file is too old: ./run/processor_status.json (modified 736.6 seconds ago)
2026-03-25 17:27:59,702 - api-server - WARNING - Status file is too old: ./run/scanner_status.json (modified 740.5 seconds ago)
2026-03-25 17:27:59,702 - api-server - WARNING - Status file is too old: ./run/processor_status.json (modified 738.5 seconds ago)
2026-03-25 17:27:59,831 - api-server - WARNING - Status file is too old: ./run/scanner_status.json (modified 740.6 seconds ago)
2026-03-25 17:27:59,833 - api-server - WARNING - Status file is too old: ./run/processor_status.json (modified 738.6 seconds ago)
2026-03-25 17:28:01,813 - api-server - WARNING - Status file is too old: ./run/scanner_status.json (modified 742.6 seconds ago)
2026-03-25 17:28:01,813 - api-server - WARNING - Status file is too old: ./run/processor_status.json (modified 740.6 seconds ago)
2026-03-25 17:28:01,850 - api-server - WARNING - Status file is too old: ./run/scanner_status.json (modified 742.7 seconds ago)
2026-03-25 17:28:01,853 - api-server - WARNING - Status file is too old: ./run/processor_status.json (modified 740.7 seconds ago)
2026-03-25 17:28:03,877 - api-server - WARNING - Status file is too old: ./run/scanner_status.json (modified 744.7 seconds ago)
2026-03-25 17:28:03,879 - api-server - WARNING - Status file is too old: ./run/processor_status.json (modified 742.7 seconds ago)
2026-03-25 17:28:03,924 - api-server - WARNING - Status file is too old: ./run/scanner_status.json (modified 744.7 seconds ago)
2026-03-25 17:28:03,924 - api-server - WARNING - Status file is too old: ./run/processor_status.json (modified 742.7 seconds ago)
2026-03-25 17:28:05,895 - api-server - WARNING - Status file is too old: ./run/scanner_status.json (modified 746.7 seconds ago)
2026-03-25 17:28:05,897 - api-server - WARNING - Status file is too old: ./run/processor_status.json (modified 744.7 seconds ago)
2026-03-25 17:28:06,033 - api-server - WARNING - Status file is too old: ./run/scanner_status.json (modified 746.8 seconds ago)
2026-03-25 17:28:06,033 - api-server - WARNING - Status file is too old: ./run/processor_status.json (modified 744.8 seconds ago)
2026-03-25 17:28:07,913 - api-server - WARNING - Status file is too old: ./run/scanner_status.json (modified 748.7 seconds ago)
2026-03-25 17:28:07,915 - api-server - WARNING - Status file is too old: ./run/processor_status.json (modified 746.7 seconds ago)
2026-03-25 17:28:08,143 - api-server - WARNING - Status file is too old: ./run/scanner_status.json (modified 748.9 seconds ago)
2026-03-25 17:28:08,143 - api-server - WARNING - Status file is too old: ./run/processor_status.json (modified 746.9 seconds ago)
2026-03-25 17:28:09,933 - api-server - WARNING - Status file is too old: ./run/scanner_status.json (modified 750.7 seconds ago)
2026-03-25 17:28:09,935 - api-server - WARNING - Status file is too old: ./run/processor_status.json (modified 748.7 seconds ago)
2026-03-25 17:28:10,259 - api-server - WARNING - Status file is too old: ./run/scanner_status.json (modified 751.1 seconds ago)
2026-03-25 17:28:10,259 - api-server - WARNING - Status file is too old: ./run/processor_status.json (modified 749.1 seconds ago)
2026-03-25 17:28:11,951 - api-server - WARNING - Status file is too old: ./run/scanner_status.json (modified 752.8 seconds ago)
2026-03-25 17:28:11,953 - api-server - WARNING - Status file is too old: ./run/processor_status.json (modified 750.8 seconds ago)
2026-03-25 17:28:12,369 - api-server - WARNING - Status file is too old: ./run/scanner_status.json (modified 753.2 seconds ago)
2026-03-25 17:28:12,370 - api-server - WARNING - Status file is too old: ./run/processor_status.json (modified 751.2 seconds ago)
2026-03-25 17:28:13,972 - api-server - WARNING - Status file is too old: ./run/scanner_status.json (modified 754.8 seconds ago)
2026-03-25 17:28:13,975 - api-server - WARNING - Status file is too old: ./run/processor_status.json (modified 752.8 seconds ago)
2026-03-25 17:28:14,479 - api-server - WARNING - Status file is too old: ./run/scanner_status.json (modified 755.3 seconds ago)
2026-03-25 17:28:14,479 - api-server - WARNING - Status file is too old: ./run/processor_status.json (modified 753.3 seconds ago)
2026-03-25 17:28:15,992 - api-server - WARNING - Status file is too old: ./run/scanner_status.json (modified 756.8 seconds ago)
2026-03-25 17:28:15,994 - api-server - WARNING - Status file is too old: ./run/processor_status.json (modified 754.8 seconds ago)
2026-03-25 17:28:16,591 - api-server - WARNING - Status file is too old: ./run/scanner_status.json (modified 757.4 seconds ago)
2026-03-25 17:28:16,591 - api-server - WARNING - Status file is too old: ./run/processor_status.json (modified 755.4 seconds ago)
2026-03-25 17:28:18,035 - api-server - WARNING - Status file is too old: ./run/scanner_status.json (modified 758.8 seconds ago)
2026-03-25 17:28:18,038 - api-server - WARNING - Status file is too old: ./run/processor_status.json (modified 756.8 seconds ago)
2026-03-25 17:28:18,700 - api-server - WARNING - Status file is too old: ./run/scanner_status.json (modified 759.5 seconds ago)
2026-03-25 17:28:18,700 - api-server - WARNING - Status file is too old: ./run/processor_status.json (modified 757.5 seconds ago)
2026-03-25 17:28:20,055 - api-server - WARNING - Status file is too old: ./run/scanner_status.json (modified 760.9 seconds ago)
2026-03-25 17:28:20,058 - api-server - WARNING - Status file is too old: ./run/processor_status.json (modified 758.9 seconds ago)
2026-03-25 17:28:20,811 - api-server - WARNING - Status file is too old: ./run/scanner_status.json (modified 761.6 seconds ago)
2026-03-25 17:28:20,811 - api-server - WARNING - Status file is too old: ./run/processor_status.json (modified 759.6 seconds ago)
2026-03-25 17:28:22,076 - api-server - WARNING - Status file is too old: ./run/scanner_status.json (modified 762.9 seconds ago)
2026-03-25 17:28:22,079 - api-server - WARNING - Status file is too old: ./run/processor_status.json (modified 760.9 seconds ago)
2026-03-25 17:28:22,922 - api-server - WARNING - Status file is too old: ./run/scanner_status.json (modified 763.7 seconds ago)
2026-03-25 17:28:22,922 - api-server - WARNING - Status file is too old: ./run/processor_status.json (modified 761.7 seconds ago)
2026-03-25 17:28:24,099 - api-server - WARNING - Status file is too old: ./run/scanner_status.json (modified 764.9 seconds ago)
2026-03-25 17:28:24,101 - api-server - WARNING - Status file is too old: ./run/processor_status.json (modified 762.9 seconds ago)
2026-03-25 17:28:25,032 - api-server - WARNING - Status file is too old: ./run/scanner_status.json (modified 765.8 seconds ago)
2026-03-25 17:28:25,032 - api-server - WARNING - Status file is too old: ./run/processor_status.json (modified 763.8 seconds ago)
2026-03-25 17:28:26,120 - api-server - WARNING - Status file is too old: ./run/scanner_status.json (modified 766.9 seconds ago)
2026-03-25 17:28:26,123 - api-server - WARNING - Status file is too old: ./run/processor_status.json (modified 764.9 seconds ago)
2026-03-25 17:28:27,145 - api-server - WARNING - Status file is too old: ./run/scanner_status.json (modified 767.9 seconds ago)
2026-03-25 17:28:27,145 - api-server - WARNING - Status file is too old: ./run/processor_status.json (modified 766.0 seconds ago)
2026-03-25 17:28:28,140 - api-server - WARNING - Status file is too old: ./run/scanner_status.json (modified 768.9 seconds ago)
2026-03-25 17:28:28,142 - api-server - WARNING - Status file is too old: ./run/processor_status.json (modified 766.9 seconds ago)
2026-03-25 17:28:29,255 - api-server - WARNING - Status file is too old: ./run/scanner_status.json (modified 770.1 seconds ago)
2026-03-25 17:28:29,255 - api-server - WARNING - Status file is too old: ./run/processor_status.json (modified 768.1 seconds ago)
2026-03-25 17:28:30,158 - api-server - WARNING - Status file is too old: ./run/scanner_status.json (modified 771.0 seconds ago)
2026-03-25 17:28:30,160 - api-server - WARNING - Status file is too old: ./run/processor_status.json (modified 769.0 seconds ago)
2026-03-25 17:28:31,365 - api-server - WARNING - Status file is too old: ./run/scanner_status.json (modified 772.2 seconds ago)
2026-03-25 17:28:31,365 - api-server - WARNING - Status file is too old: ./run/processor_status.json (modified 770.2 seconds ago)
2026-03-25 17:28:32,178 - api-server - WARNING - Status file is too old: ./run/scanner_status.json (modified 773.0 seconds ago)
2026-03-25 17:28:32,180 - api-server - WARNING - Status file is too old: ./run/processor_status.json (modified 771.0 seconds ago)
2026-03-25 17:28:33,475 - api-server - WARNING - Status file is too old: ./run/scanner_status.json (modified 774.3 seconds ago)
2026-03-25 17:28:33,475 - api-server - WARNING - Status file is too old: ./run/processor_status.json (modified 772.3 seconds ago)
2026-03-25 17:28:34,197 - api-server - WARNING - Status file is too old: ./run/scanner_status.json (modified 775.0 seconds ago)
2026-03-25 17:28:34,200 - api-server - WARNING - Status file is too old: ./run/processor_status.json (modified 773.0 seconds ago)
2026-03-25 17:28:35,585 - api-server - WARNING - Status file is too old: ./run/scanner_status.json (modified 776.4 seconds ago)
2026-03-25 17:28:35,585 - api-server - WARNING - Status file is too old: ./run/processor_status.json (modified 774.4 seconds ago)
2026-03-25 17:28:36,215 - api-server - WARNING - Status file is too old: ./run/scanner_status.json (modified 777.0 seconds ago)
2026-03-25 17:28:36,217 - api-server - WARNING - Status file is too old: ./run/processor_status.json (modified 775.0 seconds ago)
2026-03-25 17:28:37,695 - api-server - WARNING - Status file is too old: ./run/scanner_status.json (modified 778.5 seconds ago)
2026-03-25 17:28:37,695 - api-server - WARNING - Status file is too old: ./run/processor_status.json (modified 776.5 seconds ago)
2026-03-25 17:28:38,233 - api-server - WARNING - Status file is too old: ./run/scanner_status.json (modified 779.0 seconds ago)
2026-03-25 17:28:38,235 - api-server - WARNING - Status file is too old: ./run/processor_status.json (modified 777.0 seconds ago)
2026-03-25 17:28:39,806 - api-server - WARNING - Status file is too old: ./run/scanner_status.json (modified 780.6 seconds ago)
2026-03-25 17:28:39,806 - api-server - WARNING - Status file is too old: ./run/processor_status.json (modified 778.6 seconds ago)
2026-03-25 17:28:40,253 - api-server - WARNING - Status file is too old: ./run/scanner_status.json (modified 781.1 seconds ago)
2026-03-25 17:28:40,256 - api-server - WARNING - Status file is too old: ./run/processor_status.json (modified 779.1 seconds ago)
2026-03-25 17:28:41,914 - api-server - WARNING - Status file is too old: ./run/scanner_status.json (modified 782.7 seconds ago)
2026-03-25 17:28:41,915 - api-server - WARNING - Status file is too old: ./run/processor_status.json (modified 780.7 seconds ago)
2026-03-25 17:28:42,272 - api-server - WARNING - Status file is too old: ./run/scanner_status.json (modified 783.1 seconds ago)
2026-03-25 17:28:42,273 - api-server - WARNING - Status file is too old: ./run/processor_status.json (modified 781.1 seconds ago)
2026-03-25 17:28:44,025 - api-server - WARNING - Status file is too old: ./run/scanner_status.json (modified 784.8 seconds ago)
2026-03-25 17:28:44,025 - api-server - WARNING - Status file is too old: ./run/processor_status.json (modified 782.8 seconds ago)
2026-03-25 17:28:44,288 - api-server - WARNING - Status file is too old: ./run/scanner_status.json (modified 785.1 seconds ago)
2026-03-25 17:28:44,290 - api-server - WARNING - Status file is too old: ./run/processor_status.json (modified 783.1 seconds ago)
2026-03-25 17:28:46,136 - api-server - WARNING - Status file is too old: ./run/scanner_status.json (modified 786.9 seconds ago)
2026-03-25 17:28:46,137 - api-server - WARNING - Status file is too old: ./run/processor_status.json (modified 784.9 seconds ago)
2026-03-25 17:28:46,307 - api-server - WARNING - Status file is too old: ./run/scanner_status.json (modified 787.1 seconds ago)
2026-03-25 17:28:46,309 - api-server - WARNING - Status file is too old: ./run/processor_status.json (modified 785.1 seconds ago)
2026-03-25 17:28:48,247 - api-server - WARNING - Status file is too old: ./run/scanner_status.json (modified 789.1 seconds ago)
2026-03-25 17:28:48,247 - api-server - WARNING - Status file is too old: ./run/processor_status.json (modified 787.1 seconds ago)
2026-03-25 17:28:48,325 - api-server - WARNING - Status file is too old: ./run/scanner_status.json (modified 789.1 seconds ago)
2026-03-25 17:28:48,327 - api-server - WARNING - Status file is too old: ./run/processor_status.json (modified 787.1 seconds ago)
2026-03-25 17:28:50,344 - api-server - WARNING - Status file is too old: ./run/scanner_status.json (modified 791.1 seconds ago)
2026-03-25 17:28:50,346 - api-server - WARNING - Status file is too old: ./run/processor_status.json (modified 789.2 seconds ago)
2026-03-25 17:28:50,357 - api-server - WARNING - Status file is too old: ./run/scanner_status.json (modified 791.2 seconds ago)
2026-03-25 17:28:50,357 - api-server - WARNING - Status file is too old: ./run/processor_status.json (modified 789.2 seconds ago)
2026-03-25 17:28:52,363 - api-server - WARNING - Status file is too old: ./run/scanner_status.json (modified 793.2 seconds ago)
2026-03-25 17:28:52,365 - api-server - WARNING - Status file is too old: ./run/processor_status.json (modified 791.2 seconds ago)
2026-03-25 17:28:52,467 - api-server - WARNING - Status file is too old: ./run/scanner_status.json (modified 793.3 seconds ago)
2026-03-25 17:28:52,467 - api-server - WARNING - Status file is too old: ./run/processor_status.json (modified 791.3 seconds ago)
2026-03-25 17:28:54,383 - api-server - WARNING - Status file is too old: ./run/scanner_status.json (modified 795.2 seconds ago)
2026-03-25 17:28:54,385 - api-server - WARNING - Status file is too old: ./run/processor_status.json (modified 793.2 seconds ago)
2026-03-25 17:28:54,577 - api-server - WARNING - Status file is too old: ./run/scanner_status.json (modified 795.4 seconds ago)
2026-03-25 17:28:54,577 - api-server - WARNING - Status file is too old: ./run/processor_status.json (modified 793.4 seconds ago)
2026-03-25 17:28:56,403 - api-server - WARNING - Status file is too old: ./run/scanner_status.json (modified 797.2 seconds ago)
2026-03-25 17:28:56,405 - api-server - WARNING - Status file is too old: ./run/processor_status.json (modified 795.2 seconds ago)
2026-03-25 17:28:56,687 - api-server - WARNING - Status file is too old: ./run/scanner_status.json (modified 797.5 seconds ago)
2026-03-25 17:28:56,688 - api-server - WARNING - Status file is too old: ./run/processor_status.json (modified 795.5 seconds ago)
2026-03-25 17:28:58,422 - api-server - WARNING - Status file is too old: ./run/scanner_status.json (modified 799.2 seconds ago)
2026-03-25 17:28:58,424 - api-server - WARNING - Status file is too old: ./run/processor_status.json (modified 797.2 seconds ago)
2026-03-25 17:28:58,798 - api-server - WARNING - Status file is too old: ./run/scanner_status.json (modified 799.6 seconds ago)
2026-03-25 17:28:58,798 - api-server - WARNING - Status file is too old: ./run/processor_status.json (modified 797.6 seconds ago)
2026-03-25 17:29:00,440 - api-server - WARNING - Status file is too old: ./run/scanner_status.json (modified 801.2 seconds ago)
2026-03-25 17:29:00,442 - api-server - WARNING - Status file is too old: ./run/processor_status.json (modified 799.2 seconds ago)
2026-03-25 17:29:00,909 - api-server - WARNING - Status file is too old: ./run/scanner_status.json (modified 801.7 seconds ago)
2026-03-25 17:29:00,909 - api-server - WARNING - Status file is too old: ./run/processor_status.json (modified 799.7 seconds ago)
2026-03-25 17:29:02,459 - api-server - WARNING - Status file is too old: ./run/scanner_status.json (modified 803.3 seconds ago)
2026-03-25 17:29:02,461 - api-server - WARNING - Status file is too old: ./run/processor_status.json (modified 801.3 seconds ago)
2026-03-25 17:29:03,017 - api-server - WARNING - Status file is too old: ./run/scanner_status.json (modified 803.8 seconds ago)
2026-03-25 17:29:03,018 - api-server - WARNING - Status file is too old: ./run/processor_status.json (modified 801.8 seconds ago)
2026-03-25 17:29:04,475 - api-server - WARNING - Status file is too old: ./run/scanner_status.json (modified 805.3 seconds ago)
2026-03-25 17:29:04,477 - api-server - WARNING - Status file is too old: ./run/processor_status.json (modified 803.3 seconds ago)
2026-03-25 17:29:05,127 - api-server - WARNING - Status file is too old: ./run/scanner_status.json (modified 805.9 seconds ago)
2026-03-25 17:29:05,127 - api-server - WARNING - Status file is too old: ./run/processor_status.json (modified 803.9 seconds ago)
2026-03-25 17:29:06,493 - api-server - WARNING - Status file is too old: ./run/scanner_status.json (modified 807.3 seconds ago)
2026-03-25 17:29:06,495 - api-server - WARNING - Status file is too old: ./run/processor_status.json (modified 805.3 seconds ago)
2026-03-25 17:29:07,238 - api-server - WARNING - Status file is too old: ./run/scanner_status.json (modified 808.0 seconds ago)
2026-03-25 17:29:07,238 - api-server - WARNING - Status file is too old: ./run/processor_status.json (modified 806.0 seconds ago)
2026-03-25 17:29:08,512 - api-server - WARNING - Status file is too old: ./run/scanner_status.json (modified 809.3 seconds ago)
2026-03-25 17:29:08,514 - api-server - WARNING - Status file is too old: ./run/processor_status.json (modified 807.3 seconds ago)
2026-03-25 17:29:09,348 - api-server - WARNING - Status file is too old: ./run/scanner_status.json (modified 810.2 seconds ago)
2026-03-25 17:29:09,348 - api-server - WARNING - Status file is too old: ./run/processor_status.json (modified 808.2 seconds ago)
2026-03-25 17:29:10,530 - api-server - WARNING - Status file is too old: ./run/scanner_status.json (modified 811.3 seconds ago)
2026-03-25 17:29:10,531 - api-server - WARNING - Status file is too old: ./run/processor_status.json (modified 809.3 seconds ago)
2026-03-25 17:29:11,459 - api-server - WARNING - Status file is too old: ./run/scanner_status.json (modified 812.3 seconds ago)
2026-03-25 17:29:11,459 - api-server - WARNING - Status file is too old: ./run/processor_status.json (modified 810.3 seconds ago)
2026-03-25 17:29:12,546 - api-server - WARNING - Status file is too old: ./run/scanner_status.json (modified 813.4 seconds ago)
2026-03-25 17:29:12,548 - api-server - WARNING - Status file is too old: ./run/processor_status.json (modified 811.4 seconds ago)
2026-03-25 17:29:13,570 - api-server - WARNING - Status file is too old: ./run/scanner_status.json (modified 814.4 seconds ago)
2026-03-25 17:29:13,570 - api-server - WARNING - Status file is too old: ./run/processor_status.json (modified 812.4 seconds ago)
2026-03-25 17:29:14,568 - api-server - WARNING - Status file is too old: ./run/scanner_status.json (modified 815.4 seconds ago)
2026-03-25 17:29:14,571 - api-server - WARNING - Status file is too old: ./run/processor_status.json (modified 813.4 seconds ago)
2026-03-25 17:29:15,681 - api-server - WARNING - Status file is too old: ./run/scanner_status.json (modified 816.5 seconds ago)
2026-03-25 17:29:15,681 - api-server - WARNING - Status file is too old: ./run/processor_status.json (modified 814.5 seconds ago)
2026-03-25 17:29:16,591 - api-server - WARNING - Status file is too old: ./run/scanner_status.json (modified 817.4 seconds ago)
2026-03-25 17:29:16,593 - api-server - WARNING - Status file is too old: ./run/processor_status.json (modified 815.4 seconds ago)
2026-03-25 17:29:17,791 - api-server - WARNING - Status file is too old: ./run/scanner_status.json (modified 818.6 seconds ago)
2026-03-25 17:29:17,791 - api-server - WARNING - Status file is too old: ./run/processor_status.json (modified 816.6 seconds ago)
2026-03-25 17:29:18,610 - api-server - WARNING - Status file is too old: ./run/scanner_status.json (modified 819.4 seconds ago)
2026-03-25 17:29:18,612 - api-server - WARNING - Status file is too old: ./run/processor_status.json (modified 817.4 seconds ago)
2026-03-25 17:29:19,902 - api-server - WARNING - Status file is too old: ./run/scanner_status.json (modified 820.7 seconds ago)
2026-03-25 17:29:19,902 - api-server - WARNING - Status file is too old: ./run/processor_status.json (modified 818.7 seconds ago)
2026-03-25 17:29:20,633 - api-server - WARNING - Status file is too old: ./run/scanner_status.json (modified 821.4 seconds ago)
2026-03-25 17:29:20,636 - api-server - WARNING - Status file is too old: ./run/processor_status.json (modified 819.4 seconds ago)
2026-03-25 17:29:22,012 - api-server - WARNING - Status file is too old: ./run/scanner_status.json (modified 822.8 seconds ago)
2026-03-25 17:29:22,013 - api-server - WARNING - Status file is too old: ./run/processor_status.json (modified 820.8 seconds ago)
2026-03-25 17:29:22,656 - api-server - WARNING - Status file is too old: ./run/scanner_status.json (modified 823.5 seconds ago)
2026-03-25 17:29:22,658 - api-server - WARNING - Status file is too old: ./run/processor_status.json (modified 821.5 seconds ago)
2026-03-25 17:29:24,125 - api-server - WARNING - Status file is too old: ./run/scanner_status.json (modified 824.9 seconds ago)
2026-03-25 17:29:24,125 - api-server - WARNING - Status file is too old: ./run/processor_status.json (modified 822.9 seconds ago)
2026-03-25 17:29:24,675 - api-server - WARNING - Status file is too old: ./run/scanner_status.json (modified 825.5 seconds ago)
2026-03-25 17:29:24,678 - api-server - WARNING - Status file is too old: ./run/processor_status.json (modified 823.5 seconds ago)
2026-03-25 17:29:26,236 - api-server - WARNING - Status file is too old: ./run/scanner_status.json (modified 827.0 seconds ago)
2026-03-25 17:29:26,236 - api-server - WARNING - Status file is too old: ./run/processor_status.json (modified 825.0 seconds ago)
2026-03-25 17:29:26,704 - api-server - WARNING - Status file is too old: ./run/scanner_status.json (modified 827.5 seconds ago)
2026-03-25 17:29:26,706 - api-server - WARNING - Status file is too old: ./run/processor_status.json (modified 825.5 seconds ago)
2026-03-25 17:29:28,347 - api-server - WARNING - Status file is too old: ./run/scanner_status.json (modified 829.2 seconds ago)
2026-03-25 17:29:28,347 - api-server - WARNING - Status file is too old: ./run/processor_status.json (modified 827.2 seconds ago)
2026-03-25 17:29:28,724 - api-server - WARNING - Status file is too old: ./run/scanner_status.json (modified 829.5 seconds ago)
2026-03-25 17:29:28,726 - api-server - WARNING - Status file is too old: ./run/processor_status.json (modified 827.5 seconds ago)
2026-03-25 17:29:30,459 - api-server - WARNING - Status file is too old: ./run/scanner_status.json (modified 831.3 seconds ago)
2026-03-25 17:29:30,460 - api-server - WARNING - Status file is too old: ./run/processor_status.json (modified 829.3 seconds ago)
2026-03-25 17:29:30,745 - api-server - WARNING - Status file is too old: ./run/scanner_status.json (modified 831.6 seconds ago)
2026-03-25 17:29:30,748 - api-server - WARNING - Status file is too old: ./run/processor_status.json (modified 829.6 seconds ago)
2026-03-25 17:29:32,570 - api-server - WARNING - Status file is too old: ./run/scanner_status.json (modified 833.4 seconds ago)
2026-03-25 17:29:32,570 - api-server - WARNING - Status file is too old: ./run/processor_status.json (modified 831.4 seconds ago)
2026-03-25 17:29:32,768 - api-server - WARNING - Status file is too old: ./run/scanner_status.json (modified 833.6 seconds ago)
2026-03-25 17:29:32,772 - api-server - WARNING - Status file is too old: ./run/processor_status.json (modified 831.6 seconds ago)
2026-03-25 17:29:34,680 - api-server - WARNING - Status file is too old: ./run/scanner_status.json (modified 835.5 seconds ago)
2026-03-25 17:29:34,680 - api-server - WARNING - Status file is too old: ./run/processor_status.json (modified 833.5 seconds ago)
2026-03-25 17:29:34,790 - api-server - WARNING - Status file is too old: ./run/scanner_status.json (modified 835.6 seconds ago)
2026-03-25 17:29:34,793 - api-server - WARNING - Status file is too old: ./run/processor_status.json (modified 833.6 seconds ago)
2026-03-25 17:29:36,790 - api-server - WARNING - Status file is too old: ./run/scanner_status.json (modified 837.6 seconds ago)
2026-03-25 17:29:36,790 - api-server - WARNING - Status file is too old: ./run/processor_status.json (modified 835.6 seconds ago)
2026-03-25 17:29:36,808 - api-server - WARNING - Status file is too old: ./run/scanner_status.json (modified 837.6 seconds ago)
2026-03-25 17:29:36,811 - api-server - WARNING - Status file is too old: ./run/processor_status.json (modified 835.6 seconds ago)
2026-03-25 17:29:38,826 - api-server - WARNING - Status file is too old: ./run/scanner_status.json (modified 839.6 seconds ago)
2026-03-25 17:29:38,828 - api-server - WARNING - Status file is too old: ./run/processor_status.json (modified 837.6 seconds ago)
2026-03-25 17:29:38,901 - api-server - WARNING - Status file is too old: ./run/scanner_status.json (modified 839.7 seconds ago)
2026-03-25 17:29:38,901 - api-server - WARNING - Status file is too old: ./run/processor_status.json (modified 837.7 seconds ago)
2026-03-25 17:29:40,845 - api-server - WARNING - Status file is too old: ./run/scanner_status.json (modified 841.7 seconds ago)
2026-03-25 17:29:40,847 - api-server - WARNING - Status file is too old: ./run/processor_status.json (modified 839.7 seconds ago)
2026-03-25 17:29:41,011 - api-server - WARNING - Status file is too old: ./run/scanner_status.json (modified 841.8 seconds ago)
2026-03-25 17:29:41,011 - api-server - WARNING - Status file is too old: ./run/processor_status.json (modified 839.8 seconds ago)
2026-03-25 17:29:42,865 - api-server - WARNING - Status file is too old: ./run/scanner_status.json (modified 843.7 seconds ago)
2026-03-25 17:29:42,868 - api-server - WARNING - Status file is too old: ./run/processor_status.json (modified 841.7 seconds ago)
2026-03-25 17:29:43,120 - api-server - WARNING - Status file is too old: ./run/scanner_status.json (modified 843.9 seconds ago)
2026-03-25 17:29:43,120 - api-server - WARNING - Status file is too old: ./run/processor_status.json (modified 841.9 seconds ago)
2026-03-25 17:29:44,887 - api-server - WARNING - Status file is too old: ./run/scanner_status.json (modified 845.7 seconds ago)
2026-03-25 17:29:44,890 - api-server - WARNING - Status file is too old: ./run/processor_status.json (modified 843.7 seconds ago)
2026-03-25 17:29:45,232 - api-server - WARNING - Status file is too old: ./run/scanner_status.json (modified 846.0 seconds ago)
2026-03-25 17:29:45,232 - api-server - WARNING - Status file is too old: ./run/processor_status.json (modified 844.0 seconds ago)
2026-03-25 17:29:46,906 - api-server - WARNING - Status file is too old: ./run/scanner_status.json (modified 847.7 seconds ago)
2026-03-25 17:29:46,908 - api-server - WARNING - Status file is too old: ./run/processor_status.json (modified 845.7 seconds ago)
2026-03-25 17:29:47,342 - api-server - WARNING - Status file is too old: ./run/scanner_status.json (modified 848.1 seconds ago)
2026-03-25 17:29:47,342 - api-server - WARNING - Status file is too old: ./run/processor_status.json (modified 846.1 seconds ago)
2026-03-25 17:29:48,925 - api-server - WARNING - Status file is too old: ./run/scanner_status.json (modified 849.7 seconds ago)
2026-03-25 17:29:48,927 - api-server - WARNING - Status file is too old: ./run/processor_status.json (modified 847.7 seconds ago)
2026-03-25 17:29:49,454 - api-server - WARNING - Status file is too old: ./run/scanner_status.json (modified 850.3 seconds ago)
2026-03-25 17:29:49,454 - api-server - WARNING - Status file is too old: ./run/processor_status.json (modified 848.3 seconds ago)
2026-03-25 17:29:50,948 - api-server - WARNING - Status file is too old: ./run/scanner_status.json (modified 851.8 seconds ago)
2026-03-25 17:29:50,950 - api-server - WARNING - Status file is too old: ./run/processor_status.json (modified 849.8 seconds ago)
2026-03-25 17:29:51,567 - api-server - WARNING - Status file is too old: ./run/scanner_status.json (modified 852.4 seconds ago)
2026-03-25 17:29:51,567 - api-server - WARNING - Status file is too old: ./run/processor_status.json (modified 850.4 seconds ago)
2026-03-25 17:29:52,969 - api-server - WARNING - Status file is too old: ./run/scanner_status.json (modified 853.8 seconds ago)
2026-03-25 17:29:52,971 - api-server - WARNING - Status file is too old: ./run/processor_status.json (modified 851.8 seconds ago)
2026-03-25 17:29:53,678 - api-server - WARNING - Status file is too old: ./run/scanner_status.json (modified 854.5 seconds ago)
2026-03-25 17:29:53,678 - api-server - WARNING - Status file is too old: ./run/processor_status.json (modified 852.5 seconds ago)
2026-03-25 17:29:54,986 - api-server - WARNING - Status file is too old: ./run/scanner_status.json (modified 855.8 seconds ago)
2026-03-25 17:29:54,989 - api-server - WARNING - Status file is too old: ./run/processor_status.json (modified 853.8 seconds ago)
2026-03-25 17:29:55,788 - api-server - WARNING - Status file is too old: ./run/scanner_status.json (modified 856.6 seconds ago)
2026-03-25 17:29:55,788 - api-server - WARNING - Status file is too old: ./run/processor_status.json (modified 854.6 seconds ago)
2026-03-25 17:29:57,005 - api-server - WARNING - Status file is too old: ./run/scanner_status.json (modified 857.8 seconds ago)
2026-03-25 17:29:57,009 - api-server - WARNING - Status file is too old: ./run/processor_status.json (modified 855.8 seconds ago)
2026-03-25 17:29:57,899 - api-server - WARNING - Status file is too old: ./run/scanner_status.json (modified 858.7 seconds ago)
2026-03-25 17:29:57,899 - api-server - WARNING - Status file is too old: ./run/processor_status.json (modified 856.7 seconds ago)
2026-03-25 17:29:59,028 - api-server - WARNING - Status file is too old: ./run/scanner_status.json (modified 859.8 seconds ago)
2026-03-25 17:29:59,029 - api-server - WARNING - Status file is too old: ./run/processor_status.json (modified 857.8 seconds ago)
2026-03-25 17:30:00,009 - api-server - WARNING - Status file is too old: ./run/scanner_status.json (modified 860.8 seconds ago)
2026-03-25 17:30:00,009 - api-server - WARNING - Status file is too old: ./run/processor_status.json (modified 858.8 seconds ago)
2026-03-25 17:30:01,047 - api-server - WARNING - Status file is too old: ./run/scanner_status.json (modified 861.9 seconds ago)
2026-03-25 17:30:01,049 - api-server - WARNING - Status file is too old: ./run/processor_status.json (modified 859.9 seconds ago)
2026-03-25 17:30:02,122 - api-server - WARNING - Status file is too old: ./run/scanner_status.json (modified 862.9 seconds ago)
2026-03-25 17:30:02,122 - api-server - WARNING - Status file is too old: ./run/processor_status.json (modified 860.9 seconds ago)
2026-03-25 17:30:03,065 - api-server - WARNING - Status file is too old: ./run/scanner_status.json (modified 863.9 seconds ago)
2026-03-25 17:30:03,067 - api-server - WARNING - Status file is too old: ./run/processor_status.json (modified 861.9 seconds ago)
2026-03-25 17:30:04,235 - api-server - WARNING - Status file is too old: ./run/scanner_status.json (modified 865.0 seconds ago)
2026-03-25 17:30:04,236 - api-server - WARNING - Status file is too old: ./run/processor_status.json (modified 863.0 seconds ago)
2026-03-25 17:30:05,082 - api-server - WARNING - Status file is too old: ./run/scanner_status.json (modified 865.9 seconds ago)
2026-03-25 17:30:05,084 - api-server - WARNING - Status file is too old: ./run/processor_status.json (modified 863.9 seconds ago)
2026-03-25 17:30:06,345 - api-server - WARNING - Status file is too old: ./run/scanner_status.json (modified 867.2 seconds ago)
2026-03-25 17:30:06,345 - api-server - WARNING - Status file is too old: ./run/processor_status.json (modified 865.2 seconds ago)
2026-03-25 17:30:07,100 - api-server - WARNING - Status file is too old: ./run/scanner_status.json (modified 867.9 seconds ago)
2026-03-25 17:30:07,103 - api-server - WARNING - Status file is too old: ./run/processor_status.json (modified 865.9 seconds ago)
2026-03-25 17:30:08,455 - api-server - WARNING - Status file is too old: ./run/scanner_status.json (modified 869.3 seconds ago)
2026-03-25 17:30:08,456 - api-server - WARNING - Status file is too old: ./run/processor_status.json (modified 867.3 seconds ago)
2026-03-25 17:30:09,123 - api-server - WARNING - Status file is too old: ./run/scanner_status.json (modified 869.9 seconds ago)
2026-03-25 17:30:09,125 - api-server - WARNING - Status file is too old: ./run/processor_status.json (modified 867.9 seconds ago)
2026-03-25 17:30:10,566 - api-server - WARNING - Status file is too old: ./run/scanner_status.json (modified 871.4 seconds ago)
2026-03-25 17:30:10,566 - api-server - WARNING - Status file is too old: ./run/processor_status.json (modified 869.4 seconds ago)
2026-03-25 17:30:11,143 - api-server - WARNING - Status file is too old: ./run/scanner_status.json (modified 871.9 seconds ago)
2026-03-25 17:30:11,145 - api-server - WARNING - Status file is too old: ./run/processor_status.json (modified 870.0 seconds ago)
2026-03-25 17:30:12,677 - api-server - WARNING - Status file is too old: ./run/scanner_status.json (modified 873.5 seconds ago)
2026-03-25 17:30:12,677 - api-server - WARNING - Status file is too old: ./run/processor_status.json (modified 871.5 seconds ago)
2026-03-25 17:30:13,161 - api-server - WARNING - Status file is too old: ./run/scanner_status.json (modified 874.0 seconds ago)
2026-03-25 17:30:13,163 - api-server - WARNING - Status file is too old: ./run/processor_status.json (modified 872.0 seconds ago)
2026-03-25 17:30:14,786 - api-server - WARNING - Status file is too old: ./run/scanner_status.json (modified 875.6 seconds ago)
2026-03-25 17:30:14,786 - api-server - WARNING - Status file is too old: ./run/processor_status.json (modified 873.6 seconds ago)
2026-03-25 17:30:15,179 - api-server - WARNING - Status file is too old: ./run/scanner_status.json (modified 876.0 seconds ago)
2026-03-25 17:30:15,181 - api-server - WARNING - Status file is too old: ./run/processor_status.json (modified 874.0 seconds ago)
2026-03-25 17:30:16,895 - api-server - WARNING - Status file is too old: ./run/scanner_status.json (modified 877.7 seconds ago)
2026-03-25 17:30:16,895 - api-server - WARNING - Status file is too old: ./run/processor_status.json (modified 875.7 seconds ago)
2026-03-25 17:30:17,196 - api-server - WARNING - Status file is too old: ./run/scanner_status.json (modified 878.0 seconds ago)
2026-03-25 17:30:17,198 - api-server - WARNING - Status file is too old: ./run/processor_status.json (modified 876.0 seconds ago)
2026-03-25 17:30:19,007 - api-server - WARNING - Status file is too old: ./run/scanner_status.json (modified 879.8 seconds ago)
2026-03-25 17:30:19,008 - api-server - WARNING - Status file is too old: ./run/processor_status.json (modified 877.8 seconds ago)
2026-03-25 17:30:19,214 - api-server - WARNING - Status file is too old: ./run/scanner_status.json (modified 880.0 seconds ago)
2026-03-25 17:30:19,216 - api-server - WARNING - Status file is too old: ./run/processor_status.json (modified 878.0 seconds ago)
2026-03-25 17:30:21,119 - api-server - WARNING - Status file is too old: ./run/scanner_status.json (modified 881.9 seconds ago)
2026-03-25 17:30:21,119 - api-server - WARNING - Status file is too old: ./run/processor_status.json (modified 879.9 seconds ago)
2026-03-25 17:30:21,232 - api-server - WARNING - Status file is too old: ./run/processor_status.json (modified 880.0 seconds ago)
2026-03-25 17:30:21,234 - api-server - WARNING - Status file is too old: ./run/scanner_status.json (modified 882.0 seconds ago)
2026-03-25 17:30:21,237 - api-server - WARNING - Status file is too old: ./run/processor_status.json (modified 880.0 seconds ago)
2026-03-25 17:30:21,273 - api-server - WARNING - Status file is too old: ./run/scanner_status.json (modified 882.1 seconds ago)
2026-03-25 17:30:23,231 - api-server - WARNING - Status file is too old: ./run/scanner_status.json (modified 884.0 seconds ago)
2026-03-25 17:30:23,231 - api-server - WARNING - Status file is too old: ./run/processor_status.json (modified 882.0 seconds ago)
2026-03-25 17:30:23,256 - api-server - WARNING - Status file is too old: ./run/scanner_status.json (modified 884.1 seconds ago)
2026-03-25 17:30:23,258 - api-server - WARNING - Status file is too old: ./run/processor_status.json (modified 882.1 seconds ago)
2026-03-25 17:30:25,277 - api-server - WARNING - Status file is too old: ./run/scanner_status.json (modified 886.1 seconds ago)
2026-03-25 17:30:25,279 - api-server - WARNING - Status file is too old: ./run/processor_status.json (modified 884.1 seconds ago)
2026-03-25 17:30:25,341 - api-server - WARNING - Status file is too old: ./run/scanner_status.json (modified 886.1 seconds ago)
2026-03-25 17:30:25,341 - api-server - WARNING - Status file is too old: ./run/processor_status.json (modified 884.1 seconds ago)
2026-03-25 17:30:27,295 - api-server - WARNING - Status file is too old: ./run/scanner_status.json (modified 888.1 seconds ago)
2026-03-25 17:30:27,296 - api-server - WARNING - Status file is too old: ./run/processor_status.json (modified 886.1 seconds ago)
2026-03-25 17:30:27,452 - api-server - WARNING - Status file is too old: ./run/scanner_status.json (modified 888.3 seconds ago)
2026-03-25 17:30:27,452 - api-server - WARNING - Status file is too old: ./run/processor_status.json (modified 886.3 seconds ago)
2026-03-25 17:30:29,313 - api-server - WARNING - Status file is too old: ./run/scanner_status.json (modified 890.1 seconds ago)
2026-03-25 17:30:29,314 - api-server - WARNING - Status file is too old: ./run/processor_status.json (modified 888.1 seconds ago)
2026-03-25 17:30:29,562 - api-server - WARNING - Status file is too old: ./run/scanner_status.json (modified 890.4 seconds ago)
2026-03-25 17:30:29,562 - api-server - WARNING - Status file is too old: ./run/processor_status.json (modified 888.4 seconds ago)
2026-03-25 17:30:31,330 - api-server - WARNING - Status file is too old: ./run/scanner_status.json (modified 892.1 seconds ago)
2026-03-25 17:30:31,332 - api-server - WARNING - Status file is too old: ./run/processor_status.json (modified 890.1 seconds ago)
2026-03-25 17:30:31,672 - api-server - WARNING - Status file is too old: ./run/scanner_status.json (modified 892.5 seconds ago)
2026-03-25 17:30:31,672 - api-server - WARNING - Status file is too old: ./run/processor_status.json (modified 890.5 seconds ago)
2026-03-25 17:30:33,353 - api-server - WARNING - Status file is too old: ./run/scanner_status.json (modified 894.2 seconds ago)
2026-03-25 17:30:33,355 - api-server - WARNING - Status file is too old: ./run/processor_status.json (modified 892.2 seconds ago)
2026-03-25 17:30:33,783 - api-server - WARNING - Status file is too old: ./run/scanner_status.json (modified 894.6 seconds ago)
2026-03-25 17:30:33,783 - api-server - WARNING - Status file is too old: ./run/processor_status.json (modified 892.6 seconds ago)
2026-03-25 17:30:35,373 - api-server - WARNING - Status file is too old: ./run/scanner_status.json (modified 896.2 seconds ago)
2026-03-25 17:30:35,376 - api-server - WARNING - Status file is too old: ./run/processor_status.json (modified 894.2 seconds ago)
2026-03-25 17:30:35,893 - api-server - WARNING - Status file is too old: ./run/scanner_status.json (modified 896.7 seconds ago)
2026-03-25 17:30:35,893 - api-server - WARNING - Status file is too old: ./run/processor_status.json (modified 894.7 seconds ago)
2026-03-25 17:30:37,396 - api-server - WARNING - Status file is too old: ./run/scanner_status.json (modified 898.2 seconds ago)
2026-03-25 17:30:37,398 - api-server - WARNING - Status file is too old: ./run/processor_status.json (modified 896.2 seconds ago)
2026-03-25 17:30:38,005 - api-server - WARNING - Status file is too old: ./run/scanner_status.json (modified 898.8 seconds ago)
2026-03-25 17:30:38,005 - api-server - WARNING - Status file is too old: ./run/processor_status.json (modified 896.8 seconds ago)
2026-03-25 17:30:39,416 - api-server - WARNING - Status file is too old: ./run/scanner_status.json (modified 900.2 seconds ago)
2026-03-25 17:30:39,418 - api-server - WARNING - Status file is too old: ./run/processor_status.json (modified 898.2 seconds ago)
2026-03-25 17:30:40,114 - api-server - WARNING - Status file is too old: ./run/scanner_status.json (modified 900.9 seconds ago)
2026-03-25 17:30:40,114 - api-server - WARNING - Status file is too old: ./run/processor_status.json (modified 898.9 seconds ago)
2026-03-25 17:30:41,435 - api-server - WARNING - Status file is too old: ./run/scanner_status.json (modified 902.2 seconds ago)
2026-03-25 17:30:41,437 - api-server - WARNING - Status file is too old: ./run/processor_status.json (modified 900.2 seconds ago)
2026-03-25 17:30:42,227 - api-server - WARNING - Status file is too old: ./run/scanner_status.json (modified 903.0 seconds ago)
2026-03-25 17:30:42,227 - api-server - WARNING - Status file is too old: ./run/processor_status.json (modified 901.0 seconds ago)
2026-03-25 17:30:43,453 - api-server - WARNING - Status file is too old: ./run/scanner_status.json (modified 904.3 seconds ago)
2026-03-25 17:30:43,455 - api-server - WARNING - Status file is too old: ./run/processor_status.json (modified 902.3 seconds ago)
2026-03-25 17:30:44,337 - api-server - WARNING - Status file is too old: ./run/scanner_status.json (modified 905.1 seconds ago)
2026-03-25 17:30:44,337 - api-server - WARNING - Status file is too old: ./run/processor_status.json (modified 903.1 seconds ago)
2026-03-25 17:30:45,472 - api-server - WARNING - Status file is too old: ./run/scanner_status.json (modified 906.3 seconds ago)
2026-03-25 17:30:45,474 - api-server - WARNING - Status file is too old: ./run/processor_status.json (modified 904.3 seconds ago)
2026-03-25 17:30:46,447 - api-server - WARNING - Status file is too old: ./run/scanner_status.json (modified 907.3 seconds ago)
2026-03-25 17:30:46,447 - api-server - WARNING - Status file is too old: ./run/processor_status.json (modified 905.3 seconds ago)
2026-03-25 17:30:47,491 - api-server - WARNING - Status file is too old: ./run/scanner_status.json (modified 908.3 seconds ago)
2026-03-25 17:30:47,494 - api-server - WARNING - Status file is too old: ./run/processor_status.json (modified 906.3 seconds ago)
2026-03-25 17:30:48,560 - api-server - WARNING - Status file is too old: ./run/scanner_status.json (modified 909.4 seconds ago)
2026-03-25 17:30:48,560 - api-server - WARNING - Status file is too old: ./run/processor_status.json (modified 907.4 seconds ago)
2026-03-25 17:30:49,514 - api-server - WARNING - Status file is too old: ./run/scanner_status.json (modified 910.3 seconds ago)
2026-03-25 17:30:49,517 - api-server - WARNING - Status file is too old: ./run/processor_status.json (modified 908.3 seconds ago)
2026-03-25 17:30:50,671 - api-server - WARNING - Status file is too old: ./run/scanner_status.json (modified 911.5 seconds ago)
2026-03-25 17:30:50,671 - api-server - WARNING - Status file is too old: ./run/processor_status.json (modified 909.5 seconds ago)
2026-03-25 17:30:51,534 - api-server - WARNING - Status file is too old: ./run/scanner_status.json (modified 912.3 seconds ago)
2026-03-25 17:30:51,537 - api-server - WARNING - Status file is too old: ./run/processor_status.json (modified 910.3 seconds ago)
2026-03-25 17:30:52,780 - api-server - WARNING - Status file is too old: ./run/scanner_status.json (modified 913.6 seconds ago)
2026-03-25 17:30:52,781 - api-server - WARNING - Status file is too old: ./run/processor_status.json (modified 911.6 seconds ago)
2026-03-25 17:30:53,556 - api-server - WARNING - Status file is too old: ./run/scanner_status.json (modified 914.4 seconds ago)
2026-03-25 17:30:53,558 - api-server - WARNING - Status file is too old: ./run/processor_status.json (modified 912.4 seconds ago)
2026-03-25 17:30:54,893 - api-server - WARNING - Status file is too old: ./run/scanner_status.json (modified 915.7 seconds ago)
2026-03-25 17:30:54,893 - api-server - WARNING - Status file is too old: ./run/processor_status.json (modified 913.7 seconds ago)
2026-03-25 17:30:55,574 - api-server - WARNING - Status file is too old: ./run/scanner_status.json (modified 916.4 seconds ago)
2026-03-25 17:30:55,576 - api-server - WARNING - Status file is too old: ./run/processor_status.json (modified 914.4 seconds ago)
2026-03-25 17:30:57,003 - api-server - WARNING - Status file is too old: ./run/scanner_status.json (modified 917.8 seconds ago)
2026-03-25 17:30:57,003 - api-server - WARNING - Status file is too old: ./run/processor_status.json (modified 915.8 seconds ago)
2026-03-25 17:30:57,592 - api-server - WARNING - Status file is too old: ./run/scanner_status.json (modified 918.4 seconds ago)
2026-03-25 17:30:57,594 - api-server - WARNING - Status file is too old: ./run/processor_status.json (modified 916.4 seconds ago)
2026-03-25 17:30:59,113 - api-server - WARNING - Status file is too old: ./run/scanner_status.json (modified 919.9 seconds ago)
2026-03-25 17:30:59,113 - api-server - WARNING - Status file is too old: ./run/processor_status.json (modified 917.9 seconds ago)
2026-03-25 17:30:59,610 - api-server - WARNING - Status file is too old: ./run/scanner_status.json (modified 920.4 seconds ago)
2026-03-25 17:30:59,612 - api-server - WARNING - Status file is too old: ./run/processor_status.json (modified 918.4 seconds ago)
2026-03-25 17:31:01,223 - api-server - WARNING - Status file is too old: ./run/scanner_status.json (modified 922.0 seconds ago)
2026-03-25 17:31:01,223 - api-server - WARNING - Status file is too old: ./run/processor_status.json (modified 920.0 seconds ago)
2026-03-25 17:31:01,628 - api-server - WARNING - Status file is too old: ./run/scanner_status.json (modified 922.4 seconds ago)
2026-03-25 17:31:01,630 - api-server - WARNING - Status file is too old: ./run/processor_status.json (modified 920.4 seconds ago)
2026-03-25 17:31:03,333 - api-server - WARNING - Status file is too old: ./run/scanner_status.json (modified 924.1 seconds ago)
2026-03-25 17:31:03,333 - api-server - WARNING - Status file is too old: ./run/processor_status.json (modified 922.1 seconds ago)
2026-03-25 17:31:03,647 - api-server - WARNING - Status file is too old: ./run/scanner_status.json (modified 924.5 seconds ago)
2026-03-25 17:31:03,649 - api-server - WARNING - Status file is too old: ./run/processor_status.json (modified 922.5 seconds ago)
2026-03-25 17:31:05,445 - api-server - WARNING - Status file is too old: ./run/scanner_status.json (modified 926.2 seconds ago)
2026-03-25 17:31:05,445 - api-server - WARNING - Status file is too old: ./run/processor_status.json (modified 924.3 seconds ago)
2026-03-25 17:31:05,673 - api-server - WARNING - Status file is too old: ./run/scanner_status.json (modified 926.5 seconds ago)
2026-03-25 17:31:05,674 - api-server - WARNING - Status file is too old: ./run/processor_status.json (modified 924.5 seconds ago)
2026-03-25 17:31:07,554 - api-server - WARNING - Status file is too old: ./run/scanner_status.json (modified 928.4 seconds ago)
2026-03-25 17:31:07,554 - api-server - WARNING - Status file is too old: ./run/processor_status.json (modified 926.4 seconds ago)
2026-03-25 17:31:07,692 - api-server - WARNING - Status file is too old: ./run/scanner_status.json (modified 928.5 seconds ago)
2026-03-25 17:31:07,694 - api-server - WARNING - Status file is too old: ./run/processor_status.json (modified 926.5 seconds ago)
2026-03-25 17:31:09,664 - api-server - WARNING - Status file is too old: ./run/scanner_status.json (modified 930.5 seconds ago)
2026-03-25 17:31:09,664 - api-server - WARNING - Status file is too old: ./run/processor_status.json (modified 928.5 seconds ago)
2026-03-25 17:31:09,710 - api-server - WARNING - Status file is too old: ./run/scanner_status.json (modified 930.5 seconds ago)
2026-03-25 17:31:09,713 - api-server - WARNING - Status file is too old: ./run/processor_status.json (modified 928.5 seconds ago)
2026-03-25 17:31:11,732 - api-server - WARNING - Status file is too old: ./run/scanner_status.json (modified 932.5 seconds ago)
2026-03-25 17:31:11,734 - api-server - WARNING - Status file is too old: ./run/processor_status.json (modified 930.5 seconds ago)
2026-03-25 17:31:11,777 - api-server - WARNING - Status file is too old: ./run/scanner_status.json (modified 932.6 seconds ago)
2026-03-25 17:31:11,777 - api-server - WARNING - Status file is too old: ./run/processor_status.json (modified 930.6 seconds ago)
2026-03-25 17:31:13,753 - api-server - WARNING - Status file is too old: ./run/scanner_status.json (modified 934.6 seconds ago)
2026-03-25 17:31:13,755 - api-server - WARNING - Status file is too old: ./run/processor_status.json (modified 932.6 seconds ago)
2026-03-25 17:31:13,886 - api-server - WARNING - Status file is too old: ./run/scanner_status.json (modified 934.7 seconds ago)
2026-03-25 17:31:13,886 - api-server - WARNING - Status file is too old: ./run/processor_status.json (modified 932.7 seconds ago)
2026-03-25 17:31:15,770 - api-server - WARNING - Status file is too old: ./run/scanner_status.json (modified 936.6 seconds ago)
2026-03-25 17:31:15,773 - api-server - WARNING - Status file is too old: ./run/processor_status.json (modified 934.6 seconds ago)
2026-03-25 17:31:16,005 - api-server - WARNING - Status file is too old: ./run/scanner_status.json (modified 936.8 seconds ago)
2026-03-25 17:31:16,005 - api-server - WARNING - Status file is too old: ./run/processor_status.json (modified 934.8 seconds ago)
2026-03-25 17:31:17,790 - api-server - WARNING - Status file is too old: ./run/scanner_status.json (modified 938.6 seconds ago)
2026-03-25 17:31:17,792 - api-server - WARNING - Status file is too old: ./run/processor_status.json (modified 936.6 seconds ago)
2026-03-25 17:31:18,116 - api-server - WARNING - Status file is too old: ./run/scanner_status.json (modified 938.9 seconds ago)
2026-03-25 17:31:18,116 - api-server - WARNING - Status file is too old: ./run/processor_status.json (modified 936.9 seconds ago)
2026-03-25 17:31:19,808 - api-server - WARNING - Status file is too old: ./run/scanner_status.json (modified 940.6 seconds ago)
2026-03-25 17:31:19,810 - api-server - WARNING - Status file is too old: ./run/processor_status.json (modified 938.6 seconds ago)
2026-03-25 17:31:20,226 - api-server - WARNING - Status file is too old: ./run/scanner_status.json (modified 941.0 seconds ago)
2026-03-25 17:31:20,226 - api-server - WARNING - Status file is too old: ./run/processor_status.json (modified 939.0 seconds ago)
2026-03-25 17:31:21,827 - api-server - WARNING - Status file is too old: ./run/scanner_status.json (modified 942.6 seconds ago)
2026-03-25 17:31:21,829 - api-server - WARNING - Status file is too old: ./run/processor_status.json (modified 940.6 seconds ago)
2026-03-25 17:31:22,338 - api-server - WARNING - Status file is too old: ./run/scanner_status.json (modified 943.1 seconds ago)
2026-03-25 17:31:22,338 - api-server - WARNING - Status file is too old: ./run/processor_status.json (modified 941.1 seconds ago)
2026-03-25 17:31:23,848 - api-server - WARNING - Status file is too old: ./run/scanner_status.json (modified 944.7 seconds ago)
2026-03-25 17:31:23,850 - api-server - WARNING - Status file is too old: ./run/processor_status.json (modified 942.7 seconds ago)
2026-03-25 17:31:24,448 - api-server - WARNING - Status file is too old: ./run/scanner_status.json (modified 945.3 seconds ago)
2026-03-25 17:31:24,449 - api-server - WARNING - Status file is too old: ./run/processor_status.json (modified 943.3 seconds ago)
2026-03-25 17:31:25,866 - api-server - WARNING - Status file is too old: ./run/scanner_status.json (modified 946.7 seconds ago)
2026-03-25 17:31:25,868 - api-server - WARNING - Status file is too old: ./run/processor_status.json (modified 944.7 seconds ago)
2026-03-25 17:31:26,558 - api-server - WARNING - Status file is too old: ./run/scanner_status.json (modified 947.4 seconds ago)
2026-03-25 17:31:26,558 - api-server - WARNING - Status file is too old: ./run/processor_status.json (modified 945.4 seconds ago)
2026-03-25 17:31:27,893 - api-server - WARNING - Status file is too old: ./run/scanner_status.json (modified 948.7 seconds ago)
2026-03-25 17:31:27,896 - api-server - WARNING - Status file is too old: ./run/processor_status.json (modified 946.7 seconds ago)
2026-03-25 17:31:28,669 - api-server - WARNING - Status file is too old: ./run/scanner_status.json (modified 949.5 seconds ago)
2026-03-25 17:31:28,669 - api-server - WARNING - Status file is too old: ./run/processor_status.json (modified 947.5 seconds ago)
2026-03-25 17:31:29,915 - api-server - WARNING - Status file is too old: ./run/scanner_status.json (modified 950.7 seconds ago)
2026-03-25 17:31:29,917 - api-server - WARNING - Status file is too old: ./run/processor_status.json (modified 948.7 seconds ago)
2026-03-25 17:31:30,779 - api-server - WARNING - Status file is too old: ./run/scanner_status.json (modified 951.6 seconds ago)
2026-03-25 17:31:30,779 - api-server - WARNING - Status file is too old: ./run/processor_status.json (modified 949.6 seconds ago)
2026-03-25 17:31:31,935 - api-server - WARNING - Status file is too old: ./run/scanner_status.json (modified 952.7 seconds ago)
2026-03-25 17:31:31,937 - api-server - WARNING - Status file is too old: ./run/processor_status.json (modified 950.7 seconds ago)
2026-03-25 17:31:32,890 - api-server - WARNING - Status file is too old: ./run/scanner_status.json (modified 953.7 seconds ago)
2026-03-25 17:31:32,891 - api-server - WARNING - Status file is too old: ./run/processor_status.json (modified 951.7 seconds ago)
2026-03-25 17:31:33,964 - api-server - WARNING - Status file is too old: ./run/scanner_status.json (modified 954.8 seconds ago)
2026-03-25 17:31:33,966 - api-server - WARNING - Status file is too old: ./run/processor_status.json (modified 952.8 seconds ago)
2026-03-25 17:31:35,001 - api-server - WARNING - Status file is too old: ./run/scanner_status.json (modified 955.8 seconds ago)
2026-03-25 17:31:35,002 - api-server - WARNING - Status file is too old: ./run/processor_status.json (modified 953.8 seconds ago)
2026-03-25 17:31:35,982 - api-server - WARNING - Status file is too old: ./run/scanner_status.json (modified 956.8 seconds ago)
2026-03-25 17:31:35,984 - api-server - WARNING - Status file is too old: ./run/processor_status.json (modified 954.8 seconds ago)
2026-03-25 17:31:37,112 - api-server - WARNING - Status file is too old: ./run/scanner_status.json (modified 957.9 seconds ago)
2026-03-25 17:31:37,112 - api-server - WARNING - Status file is too old: ./run/processor_status.json (modified 955.9 seconds ago)
2026-03-25 17:31:38,001 - api-server - WARNING - Status file is too old: ./run/scanner_status.json (modified 958.8 seconds ago)
2026-03-25 17:31:38,003 - api-server - WARNING - Status file is too old: ./run/processor_status.json (modified 956.8 seconds ago)
2026-03-25 17:31:39,222 - api-server - WARNING - Status file is too old: ./run/scanner_status.json (modified 960.0 seconds ago)
2026-03-25 17:31:39,222 - api-server - WARNING - Status file is too old: ./run/processor_status.json (modified 958.0 seconds ago)
2026-03-25 17:31:40,019 - api-server - WARNING - Status file is too old: ./run/scanner_status.json (modified 960.8 seconds ago)
2026-03-25 17:31:40,021 - api-server - WARNING - Status file is too old: ./run/processor_status.json (modified 958.8 seconds ago)
2026-03-25 17:31:41,333 - api-server - WARNING - Status file is too old: ./run/processor_status.json (modified 960.1 seconds ago)
2026-03-25 17:31:42,037 - api-server - WARNING - Status file is too old: ./run/processor_status.json (modified 960.8 seconds ago)
2026-03-25 17:49:10,401 - api-server - ERROR - JSON decode error in ./run/scanner_status.json: Expecting value: line 1 column 1 (char 0)
2026-03-25 18:17:32,086 - api-server - WARNING - Status file is too old: ./run/scanner_status.json (modified 61.6 seconds ago)
2026-03-25 18:17:32,124 - api-server - WARNING - Status file is too old: ./run/scanner_status.json (modified 61.6 seconds ago)
2026-03-25 18:17:34,141 - api-server - WARNING - Status file is too old: ./run/scanner_status.json (modified 63.7 seconds ago)
2026-03-25 18:17:34,143 - api-server - WARNING - Status file is too old: ./run/processor_status.json (modified 61.7 seconds ago)
2026-03-25 18:17:34,195 - api-server - WARNING - Status file is too old: ./run/scanner_status.json (modified 63.7 seconds ago)
2026-03-25 18:17:34,195 - api-server - WARNING - Status file is too old: ./run/processor_status.json (modified 61.7 seconds ago)
2026-03-25 18:17:36,158 - api-server - WARNING - Status file is too old: ./run/scanner_status.json (modified 65.7 seconds ago)
2026-03-25 18:17:36,160 - api-server - WARNING - Status file is too old: ./run/processor_status.json (modified 63.7 seconds ago)
2026-03-25 18:17:36,305 - api-server - WARNING - Status file is too old: ./run/scanner_status.json (modified 65.8 seconds ago)
2026-03-25 18:17:36,305 - api-server - WARNING - Status file is too old: ./run/processor_status.json (modified 63.8 seconds ago)
2026-03-25 18:17:38,174 - api-server - WARNING - Status file is too old: ./run/scanner_status.json (modified 67.7 seconds ago)
2026-03-25 18:17:38,175 - api-server - WARNING - Status file is too old: ./run/processor_status.json (modified 65.7 seconds ago)
2026-03-25 18:17:38,414 - api-server - WARNING - Status file is too old: ./run/scanner_status.json (modified 67.9 seconds ago)
2026-03-25 18:17:38,414 - api-server - WARNING - Status file is too old: ./run/processor_status.json (modified 65.9 seconds ago)
2026-03-25 18:17:40,190 - api-server - WARNING - Status file is too old: ./run/scanner_status.json (modified 69.7 seconds ago)
2026-03-25 18:17:40,192 - api-server - WARNING - Status file is too old: ./run/processor_status.json (modified 67.7 seconds ago)
2026-03-25 18:17:40,524 - api-server - WARNING - Status file is too old: ./run/scanner_status.json (modified 70.0 seconds ago)
2026-03-25 18:17:40,524 - api-server - WARNING - Status file is too old: ./run/processor_status.json (modified 68.0 seconds ago)
2026-03-25 18:17:42,207 - api-server - WARNING - Status file is too old: ./run/scanner_status.json (modified 71.7 seconds ago)
2026-03-25 18:17:42,209 - api-server - WARNING - Status file is too old: ./run/processor_status.json (modified 69.7 seconds ago)
2026-03-25 18:17:42,633 - api-server - WARNING - Status file is too old: ./run/scanner_status.json (modified 72.1 seconds ago)
2026-03-25 18:17:42,633 - api-server - WARNING - Status file is too old: ./run/processor_status.json (modified 70.1 seconds ago)
2026-03-25 18:17:44,225 - api-server - WARNING - Status file is too old: ./run/scanner_status.json (modified 73.7 seconds ago)
2026-03-25 18:17:44,227 - api-server - WARNING - Status file is too old: ./run/processor_status.json (modified 71.7 seconds ago)
2026-03-25 18:17:44,742 - api-server - WARNING - Status file is too old: ./run/scanner_status.json (modified 74.3 seconds ago)
2026-03-25 18:17:44,742 - api-server - WARNING - Status file is too old: ./run/processor_status.json (modified 72.3 seconds ago)
2026-03-25 18:17:46,241 - api-server - WARNING - Status file is too old: ./run/scanner_status.json (modified 75.8 seconds ago)
2026-03-25 18:17:46,242 - api-server - WARNING - Status file is too old: ./run/processor_status.json (modified 73.8 seconds ago)
2026-03-25 18:17:46,852 - api-server - WARNING - Status file is too old: ./run/scanner_status.json (modified 76.4 seconds ago)
2026-03-25 18:17:46,852 - api-server - WARNING - Status file is too old: ./run/processor_status.json (modified 74.4 seconds ago)
2026-03-25 18:17:48,257 - api-server - WARNING - Status file is too old: ./run/scanner_status.json (modified 77.8 seconds ago)
2026-03-25 18:17:48,259 - api-server - WARNING - Status file is too old: ./run/processor_status.json (modified 75.8 seconds ago)
2026-03-25 18:17:48,961 - api-server - WARNING - Status file is too old: ./run/scanner_status.json (modified 78.5 seconds ago)
2026-03-25 18:17:48,961 - api-server - WARNING - Status file is too old: ./run/processor_status.json (modified 76.5 seconds ago)
2026-03-25 18:17:50,276 - api-server - WARNING - Status file is too old: ./run/processor_status.json (modified 77.8 seconds ago)
2026-03-26 09:39:43,283 - api-server - ERROR - JSON decode error in ./run/processor_status.json: Expecting value: line 1 column 1 (char 0)
2026-03-26 12:26:39,121 - api-server - WARNING - Status file is too old: ./run/processor_status.json (modified 61.6 seconds ago)
2026-03-26 12:26:39,729 - api-server - WARNING - Status file is too old: ./run/processor_status.json (modified 62.2 seconds ago)
2026-03-26 12:26:41,138 - api-server - WARNING - Status file is too old: ./run/processor_status.json (modified 63.6 seconds ago)
2026-03-26 12:26:41,838 - api-server - WARNING - Status file is too old: ./run/processor_status.json (modified 64.3 seconds ago)
2026-03-26 12:26:43,156 - api-server - WARNING - Status file is too old: ./run/processor_status.json (modified 65.6 seconds ago)
2026-03-26 12:26:43,948 - api-server - WARNING - Status file is too old: ./run/processor_status.json (modified 66.4 seconds ago)
2026-03-26 12:26:45,172 - api-server - WARNING - Status file is too old: ./run/processor_status.json (modified 67.6 seconds ago)
2026-03-26 12:26:46,058 - api-server - WARNING - Status file is too old: ./run/processor_status.json (modified 68.5 seconds ago)
2026-03-26 12:26:47,189 - api-server - WARNING - Status file is too old: ./run/processor_status.json (modified 69.7 seconds ago)
2026-03-26 12:26:48,167 - api-server - WARNING - Status file is too old: ./run/processor_status.json (modified 70.6 seconds ago)
2026-03-26 12:26:49,205 - api-server - WARNING - Status file is too old: ./run/processor_status.json (modified 71.7 seconds ago)
2026-03-26 12:26:50,277 - api-server - WARNING - Status file is too old: ./run/processor_status.json (modified 72.7 seconds ago)
2026-03-26 12:26:51,222 - api-server - WARNING - Status file is too old: ./run/processor_status.json (modified 73.7 seconds ago)
2026-03-26 12:26:52,385 - api-server - WARNING - Status file is too old: ./run/processor_status.json (modified 74.9 seconds ago)
2026-03-26 12:26:53,238 - api-server - WARNING - Status file is too old: ./run/processor_status.json (modified 75.7 seconds ago)
2026-03-26 12:26:54,494 - api-server - WARNING - Status file is too old: ./run/processor_status.json (modified 77.0 seconds ago)
2026-03-26 12:26:55,255 - api-server - WARNING - Status file is too old: ./run/processor_status.json (modified 77.7 seconds ago)
2026-03-26 12:26:56,604 - api-server - WARNING - Status file is too old: ./run/processor_status.json (modified 79.1 seconds ago)
2026-03-26 12:26:57,272 - api-server - WARNING - Status file is too old: ./run/processor_status.json (modified 79.7 seconds ago)
2026-03-26 12:26:58,713 - api-server - WARNING - Status file is too old: ./run/processor_status.json (modified 81.2 seconds ago)
2026-03-26 12:26:59,289 - api-server - WARNING - Status file is too old: ./run/processor_status.json (modified 81.8 seconds ago)
2026-03-26 12:27:00,822 - api-server - WARNING - Status file is too old: ./run/processor_status.json (modified 83.3 seconds ago)
2026-03-26 12:27:01,306 - api-server - WARNING - Status file is too old: ./run/processor_status.json (modified 83.8 seconds ago)
2026-03-26 12:27:02,932 - api-server - WARNING - Status file is too old: ./run/processor_status.json (modified 85.4 seconds ago)
2026-03-26 12:27:03,323 - api-server - WARNING - Status file is too old: ./run/processor_status.json (modified 85.8 seconds ago)
2026-03-26 12:27:05,042 - api-server - WARNING - Status file is too old: ./run/processor_status.json (modified 87.5 seconds ago)
2026-03-26 12:27:05,339 - api-server - WARNING - Status file is too old: ./run/processor_status.json (modified 87.8 seconds ago)
2026-03-26 12:27:07,152 - api-server - WARNING - Status file is too old: ./run/processor_status.json (modified 89.6 seconds ago)
2026-03-26 12:27:07,356 - api-server - WARNING - Status file is too old: ./run/processor_status.json (modified 89.8 seconds ago)
2026-03-26 12:27:09,261 - api-server - WARNING - Status file is too old: ./run/processor_status.json (modified 91.7 seconds ago)
2026-03-26 12:27:09,371 - api-server - WARNING - Status file is too old: ./run/processor_status.json (modified 91.8 seconds ago)
2026-03-26 12:27:11,371 - api-server - WARNING - Status file is too old: ./run/processor_status.json (modified 93.8 seconds ago)
2026-03-26 12:27:11,387 - api-server - WARNING - Status file is too old: ./run/processor_status.json (modified 93.9 seconds ago)
2026-03-26 12:27:13,403 - api-server - WARNING - Status file is too old: ./run/processor_status.json (modified 95.9 seconds ago)
2026-03-26 12:27:13,480 - api-server - WARNING - Status file is too old: ./run/processor_status.json (modified 95.9 seconds ago)
2026-03-26 12:27:15,422 - api-server - WARNING - Status file is too old: ./run/processor_status.json (modified 97.9 seconds ago)
2026-03-26 12:27:15,589 - api-server - WARNING - Status file is too old: ./run/processor_status.json (modified 98.1 seconds ago)
api_server is already running.
2026-03-26 13:06:29,189 - api-server - INFO - Starting API server on 0.0.0.0:43689
Starting api_server in foreground mode
PID file: run/api.pid
Log file: log/api.log
Error log file: log/api_error.log
PID: 2169934
Database connection pool initialized
2026-03-26 13:06:29,189 - api-server - INFO - Starting API server on 0.0.0.0:43689
2026-03-26 13:06:29,189 - api-server - INFO - Scan status file: ./run/scanner_status.json
2026-03-26 13:06:29,189 - api-server - INFO - Scan status file: ./run/scanner_status.json
2026-03-26 13:06:29,189 - api-server - INFO - Process status file: ./run/processor_status.json
2026-03-26 13:06:29,189 - api-server - INFO - Process status file: ./run/processor_status.json
 * Serving Flask app 'api.server'
 * Debug mode: off
2026-03-26 13:07:04,821 - api-server - INFO - Starting API server on 0.0.0.0:43689
Starting api_server in foreground mode
PID file: run/api.pid
Log file: log/api.log
Error log file: log/api_error.log
PID: 2170723
Database connection pool initialized
2026-03-26 13:07:04,821 - api-server - INFO - Starting API server on 0.0.0.0:43689
2026-03-26 13:07:04,821 - api-server - INFO - Scan status file: ./run/scanner_status.json
2026-03-26 13:07:04,821 - api-server - INFO - Scan status file: ./run/scanner_status.json
2026-03-26 13:07:04,821 - api-server - INFO - Process status file: ./run/processor_status.json
2026-03-26 13:07:04,821 - api-server - INFO - Process status file: ./run/processor_status.json
 * Serving Flask app 'api.server'
 * Debug mode: off
2026-03-26 13:11:23,261 - api-server - INFO - Starting API server on 0.0.0.0:43689
Starting api_server in foreground mode
PID file: run/api.pid
Log file: log/api.log
Error log file: log/api_error.log
PID: 2177813
Database connection pool initialized
2026-03-26 13:11:23,261 - api-server - INFO - Starting API server on 0.0.0.0:43689
2026-03-26 13:11:23,262 - api-server - INFO - Scan status file: ./run/scanner_status.json
2026-03-26 13:11:23,262 - api-server - INFO - Scan status file: ./run/scanner_status.json
2026-03-26 13:11:23,262 - api-server - INFO - Process status file: ./run/processor_status.json
2026-03-26 13:11:23,262 - api-server - INFO - Process status file: ./run/processor_status.json
 * Serving Flask app 'api.server'
 * Debug mode: off
2026-03-26 13:11:48,633 - api-server - INFO - Starting API server on 0.0.0.0:43689
Starting api_server in foreground mode
PID file: run/api.pid
Log file: log/api.log
Error log file: log/api_error.log
PID: 2178504
Database connection pool initialized
2026-03-26 13:11:48,633 - api-server - INFO - Starting API server on 0.0.0.0:43689
2026-03-26 13:11:48,633 - api-server - INFO - Scan status file: ./run/scanner_status.json
2026-03-26 13:11:48,633 - api-server - INFO - Scan status file: ./run/scanner_status.json
2026-03-26 13:11:48,633 - api-server - INFO - Process status file: ./run/processor_status.json
2026-03-26 13:11:48,633 - api-server - INFO - Process status file: ./run/processor_status.json
 * Serving Flask app 'api.server'
 * Debug mode: off
2026-03-26 13:11:54,328 - api-server - INFO - Starting API server on 0.0.0.0:43689
2026-03-26 13:11:54,328 - api-server - INFO - Scan status file: ./run/scanner_status.json
2026-03-26 13:11:54,328 - api-server - INFO - Process status file: ./run/processor_status.json
2026-03-26 13:12:24,637 - api-server - INFO - Starting API server on 0.0.0.0:43689
Starting api_server in foreground mode
PID file: run/api.pid
Log file: log/api.log
Error log file: log/api_error.log
PID: 2179210
Database connection pool initialized
2026-03-26 13:12:24,637 - api-server - INFO - Starting API server on 0.0.0.0:43689
2026-03-26 13:12:24,637 - api-server - INFO - Scan status file: ./run/scanner_status.json
2026-03-26 13:12:24,637 - api-server - INFO - Scan status file: ./run/scanner_status.json
2026-03-26 13:12:24,637 - api-server - INFO - Process status file: ./run/processor_status.json
2026-03-26 13:12:24,637 - api-server - INFO - Process status file: ./run/processor_status.json
 * Serving Flask app 'api.server'
 * Debug mode: off
