2025-12-16 15:39:24,348 - video-processor - INFO - Process daemon initialized with 1 workers
2025-12-16 15:39:24,348 - video-processor - INFO - Check interval: 300 seconds
2025-12-16 15:52:23,080 - video-processor - INFO - Process daemon initialized with 1 workers
2025-12-16 15:52:23,080 - video-processor - INFO - Check interval: 300 seconds
2025-12-16 16:11:41,786 - video-processor - INFO - Process daemon initialized with 1 workers
2025-12-16 16:11:41,786 - video-processor - INFO - Check interval: 300 seconds
2025-12-16 16:11:41,791 - video-processor - INFO - video-processor started in foreground mode with PID: 2272366
2025-12-16 16:11:41,791 - video-processor - INFO - Process daemon started
2025-12-16 16:11:41,791 - video-processor - INFO - Worker worker_0 started
2025-12-16 16:11:41,808 - video-processor - INFO - Found 100 pending tasks
2025-12-16 16:11:45,514 - video-processor - INFO - Received signal 2, shutting down gracefully...
2025-12-16 16:11:46,413 - video-processor - INFO - Received signal 2, shutting down gracefully...
2025-12-16 16:12:33,135 - video-processor - INFO - Process daemon initialized with 1 workers
2025-12-16 16:12:33,135 - video-processor - INFO - Check interval: 300 seconds
2025-12-16 16:12:33,139 - video-processor - INFO - video-processor started in foreground mode with PID: 2272717
2025-12-16 16:12:33,139 - video-processor - INFO - Process daemon started
2025-12-16 16:12:33,139 - video-processor - INFO - Worker worker_0 started
2025-12-16 16:12:33,155 - video-processor - INFO - Found 100 pending tasks
2025-12-16 16:12:53,603 - video-processor - INFO - Received signal 2, shutting down gracefully...
2025-12-16 16:12:54,028 - video-processor - ERROR - Task 17012 failed: /BCVNAS/B001_TACT拍攝檔/台藝9/#9_金剛經真修實證#41~#45/#44 印心禪法第八講 如意輪(上).avi
2025-12-16 16:12:54,031 - video-processor - INFO - Worker worker_0 stopped
2025-12-16 16:12:55,767 - video-processor - INFO - Received signal 2, shutting down gracefully...
2025-12-16 16:14:37,106 - video-processor - INFO - Process daemon initialized with 1 workers
2025-12-16 16:14:37,106 - video-processor - INFO - Check interval: 300 seconds
2025-12-16 16:14:37,110 - video-processor - INFO - video-processor started in foreground mode with PID: 2272833
2025-12-16 16:14:37,110 - video-processor - INFO - Process daemon started
2025-12-16 16:14:37,110 - video-processor - INFO - Worker worker_0 started
2025-12-16 16:14:37,126 - video-processor - INFO - Found 100 pending tasks
2025-12-16 16:15:08,045 - video-processor - INFO - Received signal 2, shutting down gracefully...
2025-12-16 16:15:08,534 - video-processor - ERROR - Task 17015 failed: /BCVNAS/B001_TACT拍攝檔/台藝9/#8_金剛經真修實證#31~#40/#39 印心禪法第五講 無明輪(下).avi
2025-12-16 16:15:08,539 - video-processor - INFO - Worker worker_0 stopped
2025-12-16 16:15:09,683 - video-processor - INFO - Received signal 2, shutting down gracefully...
2025-12-16 16:15:39,905 - video-processor - INFO - Process daemon initialized with 1 workers
2025-12-16 16:15:39,905 - video-processor - INFO - Check interval: 300 seconds
2025-12-16 16:15:39,908 - video-processor - INFO - video-processor started in foreground mode with PID: 2273545
2025-12-16 16:15:39,908 - video-processor - INFO - Process daemon started
2025-12-16 16:15:39,909 - video-processor - INFO - Worker worker_0 started
2025-12-16 16:15:39,924 - video-processor - INFO - Found 100 pending tasks
2025-12-16 16:18:06,590 - video-processor - INFO - Process daemon initialized with 1 workers
2025-12-16 16:18:06,590 - video-processor - INFO - Check interval: 300 seconds
2025-12-16 16:20:40,204 - video-processor - INFO - Found 100 pending tasks
2025-12-16 16:21:50,643 - video-processor - INFO - Received signal 2, shutting down gracefully...
2025-12-16 16:21:51,563 - video-processor - ERROR - Task 17017 failed: /BCVNAS/B001_TACT拍攝檔/台藝9/#8_金剛經真修實證#31~#40/#31印心禪法第一講(上).avi
2025-12-16 16:21:51,566 - video-processor - INFO - Worker worker_0 stopped
2025-12-16 16:21:52,666 - video-processor - INFO - Received signal 2, shutting down gracefully...
2025-12-16 16:22:01,688 - video-processor - INFO - Process daemon initialized with 1 workers
2025-12-16 16:22:01,688 - video-processor - INFO - Check interval: 300 seconds
2025-12-16 16:22:01,692 - video-processor - INFO - video-processor started in foreground mode with PID: 2273905
2025-12-16 16:22:01,692 - video-processor - INFO - Process daemon started
2025-12-16 16:22:01,692 - video-processor - INFO - Worker worker_0 started
2025-12-16 16:22:01,707 - video-processor - INFO - Found 100 pending tasks
2025-12-16 16:22:25,168 - video-processor - INFO - Received signal 2, shutting down gracefully...
2025-12-16 16:22:25,470 - video-processor - ERROR - Task 17023 failed: /BCVNAS/B001_TACT拍攝檔/台藝9/#8_金剛經真修實證#31~#40/#32 印心禪法第一講(下).avi
2025-12-16 16:22:25,473 - video-processor - INFO - Worker worker_0 stopped
2025-12-16 16:22:29,316 - video-processor - INFO - Received signal 2, shutting down gracefully...
2025-12-16 16:24:10,146 - video-processor - INFO - Process daemon initialized with 1 workers
2025-12-16 16:24:10,146 - video-processor - INFO - Check interval: 300 seconds
2025-12-16 16:24:10,150 - video-processor - INFO - video-processor started in foreground mode with PID: 2274729
2025-12-16 16:24:10,150 - video-processor - INFO - Process daemon started
2025-12-16 16:24:10,150 - video-processor - INFO - Worker worker_0 started
2025-12-16 16:24:10,166 - video-processor - INFO - Found 100 pending tasks
2025-12-16 16:24:32,773 - video-processor - INFO - Received signal 2, shutting down gracefully...
2025-12-16 16:24:33,216 - video-processor - ERROR - Task 17024 failed: /BCVNAS/B001_TACT拍攝檔/台藝9/#8_金剛經真修實證#31~#40/#35 印心禪法第三講 名色輪(上).avi
2025-12-16 16:24:33,219 - video-processor - INFO - Worker worker_0 stopped
2025-12-16 16:24:36,951 - video-processor - INFO - Received signal 2, shutting down gracefully...
2025-12-16 16:24:46,970 - video-processor - INFO - Process daemon initialized with 1 workers
2025-12-16 16:24:46,970 - video-processor - INFO - Check interval: 300 seconds
2025-12-16 16:24:46,974 - video-processor - INFO - video-processor started in foreground mode with PID: 2275756
2025-12-16 16:24:46,974 - video-processor - INFO - Process daemon started
2025-12-16 16:24:46,974 - video-processor - INFO - Worker worker_0 started
2025-12-16 16:24:46,989 - video-processor - INFO - Found 100 pending tasks
2025-12-16 16:25:30,585 - video-processor - INFO - Received signal 2, shutting down gracefully...
2025-12-16 16:25:30,843 - video-processor - ERROR - Task 17027 failed: /BCVNAS/B001_TACT拍攝檔/台藝9/#8_金剛經真修實證#31~#40/#33 印心禪法第二講(上).avi
2025-12-16 16:25:30,848 - video-processor - INFO - Worker worker_0 stopped
2025-12-16 16:25:33,234 - video-processor - INFO - Received signal 2, shutting down gracefully...
2025-12-16 16:31:10,271 - video-processor - INFO - Process daemon initialized with 1 workers
2025-12-16 16:31:10,271 - video-processor - INFO - Check interval: 300 seconds
2025-12-16 16:51:41,192 - video-processor - INFO - Process daemon initialized with 1 workers
2025-12-16 16:51:41,192 - video-processor - INFO - Check interval: 300 seconds
2025-12-16 16:53:28,874 - video-processor - INFO - Process daemon initialized with 1 workers
2025-12-16 16:53:28,874 - video-processor - INFO - Check interval: 300 seconds
2025-12-16 17:02:49,271 - video-processor - INFO - Received signal 2, shutting down gracefully...
2025-12-16 17:02:53,389 - video-processor - INFO - Process daemon initialized with 1 workers
2025-12-16 17:02:53,390 - video-processor - INFO - Check interval: 300 seconds
2025-12-16 17:04:19,028 - video-processor - INFO - Process daemon initialized with 1 workers
2025-12-16 17:04:19,028 - video-processor - INFO - Check interval: 300 seconds
2025-12-16 17:11:29,876 - video-processor - INFO - Received signal 2, shutting down gracefully...
2025-12-16 17:11:44,664 - video-processor - INFO - Process daemon initialized with 1 workers
2025-12-16 17:11:44,664 - video-processor - INFO - Check interval: 300 seconds
2025-12-16 17:15:10,928 - video-processor - INFO - Received signal 2, shutting down gracefully...
2025-12-16 17:48:18,961 - video-processor - ERROR - Error creating status directory: [Errno 13] Permission denied: '/var/run/video-converter'
2025-12-16 17:48:18,961 - video-processor - INFO - Process daemon initialized with 1 workers
2025-12-16 17:48:18,961 - video-processor - INFO - Check interval: 300 seconds
2025-12-16 17:48:18,961 - video-processor - INFO - Status update thread started for video-processor
2025-12-16 17:48:18,961 - video-processor - INFO - Status monitoring started for video-processor
2025-12-16 17:48:18,961 - video-processor - ERROR - Error writing status file: name 'datetime' is not defined
2025-12-16 17:58:30,218 - video-processor - ERROR - Error creating status directory: [Errno 13] Permission denied: '/var/run/video-converter'
2025-12-16 17:58:30,218 - video-processor - INFO - Process daemon initialized with 1 workers
2025-12-16 17:58:30,218 - video-processor - INFO - Check interval: 300 seconds
2025-12-16 17:58:30,219 - video-processor - INFO - video-processor started in foreground mode with PID: 2285858
2025-12-16 17:58:30,219 - video-processor - INFO - Process daemon started
2025-12-16 17:58:30,219 - video-processor - INFO - Worker worker_0 started
2025-12-16 17:58:30,229 - video-processor - INFO - Found 100 pending tasks
2025-12-16 18:03:16,789 - video-processor - INFO - Received signal 2, shutting down gracefully...
2025-12-16 18:03:17,764 - process_daemon - INFO - Process daemon initialized with 1 workers
2025-12-16 18:03:17,764 - process_daemon - INFO - Check interval: 300 seconds
2025-12-16 18:03:17,764 - process_daemon - INFO - process_daemon started in foreground mode with PID: 2287490
2025-12-16 18:03:17,764 - process_daemon - INFO - Process daemon started
2025-12-16 18:03:17,764 - process_daemon - INFO - Worker worker_0 started
2025-12-16 18:03:17,776 - process_daemon - INFO - Found 100 pending tasks
2025-12-16 18:04:44,176 - process_daemon - INFO - Received signal 2, shutting down gracefully...
2025-12-16 18:04:48,898 - process_daemon - INFO - Process daemon initialized with 1 workers
2025-12-16 18:04:48,898 - process_daemon - INFO - Check interval: 300 seconds
2025-12-16 18:04:48,898 - process_daemon - INFO - Status update thread started for process_daemon
2025-12-16 18:04:48,899 - process_daemon - INFO - Status monitoring started for process_daemon
2025-12-16 18:04:48,899 - process_daemon - ERROR - Error writing status file: name 'datetime' is not defined
2025-12-16 18:07:12,724 - process_daemon - INFO - Process daemon initialized with 1 workers
2025-12-16 18:07:12,724 - process_daemon - INFO - Check interval: 300 seconds
2025-12-16 18:07:12,724 - process_daemon - INFO - process_daemon started in foreground mode with PID: 2289001
2025-12-16 18:07:12,724 - process_daemon - INFO - Process daemon started
2025-12-16 18:07:12,724 - process_daemon - INFO - Worker worker_0 started
2025-12-16 18:07:12,734 - process_daemon - INFO - Found 100 pending tasks
2025-12-16 18:07:42,617 - process_daemon - INFO - Received signal 2, shutting down gracefully...
2025-12-16 18:07:44,144 - process_daemon - INFO - Process daemon initialized with 1 workers
2025-12-16 18:07:44,144 - process_daemon - INFO - Check interval: 300 seconds
2025-12-16 18:07:44,144 - process_daemon - INFO - Status update thread started for process_daemon
2025-12-16 18:07:44,144 - process_daemon - INFO - Status monitoring started for process_daemon
2026-03-25 16:49:17,287 - process_daemon - INFO - Process daemon initialized with 1 workers
2026-03-25 16:49:17,287 - process_daemon - INFO - Check interval: 300 seconds
2026-03-25 16:49:17,287 - process_daemon - INFO - Status update thread started for process_daemon
2026-03-25 16:49:17,287 - process_daemon - INFO - Status monitoring started for process_daemon
Query execution error: 1213 (40001): Deadlock found when trying to get lock; try restarting transaction
Database connection error: 1213 (40001): Deadlock found when trying to get lock; try restarting transaction
Query execution error: 1213 (40001): Deadlock found when trying to get lock; try restarting transaction
Database connection error: 1213 (40001): Deadlock found when trying to get lock; try restarting transaction
Query execution error: 1213 (40001): Deadlock found when trying to get lock; try restarting transaction
Database connection error: 1213 (40001): Deadlock found when trying to get lock; try restarting transaction
Query execution error: 1213 (40001): Deadlock found when trying to get lock; try restarting transaction
Database connection error: 1213 (40001): Deadlock found when trying to get lock; try restarting transaction
Query execution error: 1213 (40001): Deadlock found when trying to get lock; try restarting transaction
Database connection error: 1213 (40001): Deadlock found when trying to get lock; try restarting transaction
Query execution error: 1213 (40001): Deadlock found when trying to get lock; try restarting transaction
Database connection error: 1213 (40001): Deadlock found when trying to get lock; try restarting transaction
Query execution error: 1213 (40001): Deadlock found when trying to get lock; try restarting transaction
Database connection error: 1213 (40001): Deadlock found when trying to get lock; try restarting transaction
Query execution error: 1213 (40001): Deadlock found when trying to get lock; try restarting transaction
Database connection error: 1213 (40001): Deadlock found when trying to get lock; try restarting transaction
Query execution error: 1213 (40001): Deadlock found when trying to get lock; try restarting transaction
Database connection error: 1213 (40001): Deadlock found when trying to get lock; try restarting transaction
Query execution error: 1213 (40001): Deadlock found when trying to get lock; try restarting transaction
Database connection error: 1213 (40001): Deadlock found when trying to get lock; try restarting transaction
Query execution error: 1213 (40001): Deadlock found when trying to get lock; try restarting transaction
Database connection error: 1213 (40001): Deadlock found when trying to get lock; try restarting transaction
Query execution error: 1213 (40001): Deadlock found when trying to get lock; try restarting transaction
Database connection error: 1213 (40001): Deadlock found when trying to get lock; try restarting transaction
Query execution error: 1213 (40001): Deadlock found when trying to get lock; try restarting transaction
Database connection error: 1213 (40001): Deadlock found when trying to get lock; try restarting transaction
Query execution error: 1213 (40001): Deadlock found when trying to get lock; try restarting transaction
Database connection error: 1213 (40001): Deadlock found when trying to get lock; try restarting transaction
Query execution error: 1213 (40001): Deadlock found when trying to get lock; try restarting transaction
Database connection error: 1213 (40001): Deadlock found when trying to get lock; try restarting transaction
Query execution error: 1213 (40001): Deadlock found when trying to get lock; try restarting transaction
Database connection error: 1213 (40001): Deadlock found when trying to get lock; try restarting transaction
Query execution error: 1213 (40001): Deadlock found when trying to get lock; try restarting transaction
Database connection error: 1213 (40001): Deadlock found when trying to get lock; try restarting transaction
2026-03-25 16:59:56,048 - process_daemon - INFO - Process daemon initialized with 1 workers
2026-03-25 16:59:56,048 - process_daemon - INFO - Check interval: 300 seconds
2026-03-25 16:59:56,049 - process_daemon - INFO - Status update thread started for process_daemon
2026-03-25 16:59:56,049 - process_daemon - INFO - Status monitoring started for process_daemon
Conversion error: 'utf-8' codec can't decode byte 0xa3 in position 73: invalid start byte
Conversion error: 'utf-8' codec can't decode byte 0x9c in position 74: invalid start byte
Conversion error: 'utf-8' codec can't decode byte 0xff in position 74: invalid start byte
Conversion error: 'utf-8' codec can't decode byte 0xbd in position 74: invalid start byte
Conversion error: 'utf-8' codec can't decode byte 0xb3 in position 109: invalid start byte
Conversion error: 'utf-8' codec can't decode byte 0x86 in position 74: invalid start byte
Conversion error: 'utf-8' codec can't decode byte 0xec in position 73: invalid continuation byte
Conversion error: 'utf-8' codec can't decode byte 0xf5 in position 73: invalid start byte
Conversion error: 'utf-8' codec can't decode byte 0xff in position 95: invalid start byte
Conversion error: 'utf-8' codec can't decode byte 0xff in position 108: invalid start byte
Conversion error: 'utf-8' codec can't decode byte 0xfe in position 73: invalid start byte
2026-03-25 17:08:05,948 - process_daemon - INFO - Process daemon initialized with 1 workers
2026-03-25 17:08:05,948 - process_daemon - INFO - Check interval: 300 seconds
2026-03-25 17:08:05,948 - process_daemon - INFO - Status update thread started for process_daemon
2026-03-25 17:08:05,948 - process_daemon - INFO - Status monitoring started for process_daemon
2026-03-25 17:11:43,157 - process_daemon - INFO - Process daemon initialized with 1 workers
2026-03-25 17:11:43,157 - process_daemon - INFO - Check interval: 300 seconds
2026-03-25 17:11:43,157 - process_daemon - INFO - Status update thread started for process_daemon
2026-03-25 17:11:43,157 - process_daemon - INFO - Status monitoring started for process_daemon
2026-03-25 17:15:41,195 - process_daemon - INFO - Process daemon initialized with 1 workers
2026-03-25 17:15:41,195 - process_daemon - INFO - Check interval: 300 seconds
2026-03-25 17:15:41,195 - process_daemon - INFO - Status update thread started for process_daemon
2026-03-25 17:15:41,195 - process_daemon - INFO - Status monitoring started for process_daemon
Query execution error: 1213 (40001): Deadlock found when trying to get lock; try restarting transaction
Database connection error: 1213 (40001): Deadlock found when trying to get lock; try restarting transaction
Query execution error: 1213 (40001): Deadlock found when trying to get lock; try restarting transaction
Database connection error: 1213 (40001): Deadlock found when trying to get lock; try restarting transaction
Query execution error: 1213 (40001): Deadlock found when trying to get lock; try restarting transaction
Database connection error: 1213 (40001): Deadlock found when trying to get lock; try restarting transaction
Query execution error: 1213 (40001): Deadlock found when trying to get lock; try restarting transaction
Database connection error: 1213 (40001): Deadlock found when trying to get lock; try restarting transaction
Query execution error: 1213 (40001): Deadlock found when trying to get lock; try restarting transaction
Database connection error: 1213 (40001): Deadlock found when trying to get lock; try restarting transaction
Query execution error: 1213 (40001): Deadlock found when trying to get lock; try restarting transaction
Database connection error: 1213 (40001): Deadlock found when trying to get lock; try restarting transaction
Query execution error: 1213 (40001): Deadlock found when trying to get lock; try restarting transaction
Database connection error: 1213 (40001): Deadlock found when trying to get lock; try restarting transaction
Query execution error: 1213 (40001): Deadlock found when trying to get lock; try restarting transaction
Database connection error: 1213 (40001): Deadlock found when trying to get lock; try restarting transaction
Query execution error: 1213 (40001): Deadlock found when trying to get lock; try restarting transaction
Database connection error: 1213 (40001): Deadlock found when trying to get lock; try restarting transaction
2026-03-25 17:31:42,336 - process_daemon - INFO - Process daemon initialized with 1 workers
2026-03-25 17:31:42,337 - process_daemon - INFO - Check interval: 300 seconds
Query execution error: 1213 (40001): Deadlock found when trying to get lock; try restarting transaction
Database connection error: 1213 (40001): Deadlock found when trying to get lock; try restarting transaction
Query execution error: 1213 (40001): Deadlock found when trying to get lock; try restarting transaction
Database connection error: 1213 (40001): Deadlock found when trying to get lock; try restarting transaction
Query execution error: 1213 (40001): Deadlock found when trying to get lock; try restarting transaction
Database connection error: 1213 (40001): Deadlock found when trying to get lock; try restarting transaction
Query execution error: 1213 (40001): Deadlock found when trying to get lock; try restarting transaction
Database connection error: 1213 (40001): Deadlock found when trying to get lock; try restarting transaction
Query execution error: 1213 (40001): Deadlock found when trying to get lock; try restarting transaction
Database connection error: 1213 (40001): Deadlock found when trying to get lock; try restarting transaction
Query execution error: 1213 (40001): Deadlock found when trying to get lock; try restarting transaction
Database connection error: 1213 (40001): Deadlock found when trying to get lock; try restarting transaction
Query execution error: 1213 (40001): Deadlock found when trying to get lock; try restarting transaction
Database connection error: 1213 (40001): Deadlock found when trying to get lock; try restarting transaction
Query execution error: 1213 (40001): Deadlock found when trying to get lock; try restarting transaction
Database connection error: 1213 (40001): Deadlock found when trying to get lock; try restarting transaction
Query execution error: 1213 (40001): Deadlock found when trying to get lock; try restarting transaction
Database connection error: 1213 (40001): Deadlock found when trying to get lock; try restarting transaction
2026-03-25 18:02:41,051 - process_daemon - INFO - Process daemon initialized with 1 workers
2026-03-25 18:02:41,051 - process_daemon - INFO - Check interval: 300 seconds
2026-03-25 18:02:41,051 - process_daemon - INFO - Max retries: 3, retry every 10 cycles, stale after 1.0h
Query execution error: 1213 (40001): Deadlock found when trying to get lock; try restarting transaction
Database connection error: 1213 (40001): Deadlock found when trying to get lock; try restarting transaction
2026-03-25 18:04:31,240 - process_daemon - INFO - Process daemon initialized with 1 workers
2026-03-25 18:04:31,240 - process_daemon - INFO - Check interval: 300 seconds
2026-03-25 18:04:31,240 - process_daemon - INFO - Max retries: 3, retry every 10 cycles, stale after 1.0h
Query execution error: 1213 (40001): Deadlock found when trying to get lock; try restarting transaction
Database connection error: 1213 (40001): Deadlock found when trying to get lock; try restarting transaction
2026-03-25 18:08:32,730 - process_daemon - INFO - Process daemon initialized with 1 workers
2026-03-25 18:08:32,730 - process_daemon - INFO - Check interval: 300 seconds
2026-03-25 18:08:32,730 - process_daemon - INFO - Max retries: 3, retry every 10 cycles, stale after 1.0h
Query execution error: 1213 (40001): Deadlock found when trying to get lock; try restarting transaction
Database connection error: 1213 (40001): Deadlock found when trying to get lock; try restarting transaction
Query execution error: 1213 (40001): Deadlock found when trying to get lock; try restarting transaction
Database connection error: 1213 (40001): Deadlock found when trying to get lock; try restarting transaction
Query execution error: 1213 (40001): Deadlock found when trying to get lock; try restarting transaction
Database connection error: 1213 (40001): Deadlock found when trying to get lock; try restarting transaction
2026-03-25 18:12:33,736 - process_daemon - INFO - Process daemon initialized with 1 workers
2026-03-25 18:12:33,736 - process_daemon - INFO - Check interval: 300 seconds
2026-03-25 18:12:33,737 - process_daemon - INFO - Max retries: 3, retry every 10 cycles, stale after 1.0h
2026-03-25 18:12:33,737 - process_daemon - INFO - Status monitoring stopped for process_daemon
2026-03-25 18:12:33,737 - process_daemon - INFO - Sent SIGTERM to process 43012
2026-03-25 18:12:34,737 - process_daemon - INFO - process_daemon daemon stopped successfully
2026-03-25 18:12:50,023 - process_daemon - INFO - Process daemon initialized with 1 workers
2026-03-25 18:12:50,023 - process_daemon - INFO - Check interval: 300 seconds
2026-03-25 18:12:50,024 - process_daemon - INFO - Max retries: 3, retry every 10 cycles, stale after 1.0h
Query execution error: 1213 (40001): Deadlock found when trying to get lock; try restarting transaction
Database connection error: 1213 (40001): Deadlock found when trying to get lock; try restarting transaction
2026-03-25 18:16:17,675 - process_daemon - INFO - Process daemon initialized with 1 workers
2026-03-25 18:16:17,676 - process_daemon - INFO - Check interval: 300 seconds
2026-03-25 18:16:17,676 - process_daemon - INFO - Max retries: 3, retry every 10 cycles, stale after 1.0h
2026-03-25 18:16:17,676 - process_daemon - INFO - Status monitoring stopped for process_daemon
2026-03-25 18:16:17,676 - process_daemon - INFO - Sent SIGTERM to process 61756
2026-03-25 18:16:18,676 - process_daemon - INFO - process_daemon daemon stopped successfully
2026-03-25 18:17:25,118 - process_daemon - INFO - Process daemon initialized with 1 workers
2026-03-25 18:17:25,119 - process_daemon - INFO - Check interval: 300 seconds
2026-03-25 18:17:25,119 - process_daemon - INFO - Max retries: 3, retry every 10 cycles, stale after 1.0h
2026-03-25 18:17:30,405 - process_daemon - INFO - Process daemon initialized with 1 workers
2026-03-25 18:17:30,405 - process_daemon - INFO - Check interval: 300 seconds
2026-03-25 18:17:30,405 - process_daemon - INFO - Max retries: 3, retry every 10 cycles, stale after 1.0h
2026-03-25 18:17:32,957 - process_daemon - INFO - Process daemon initialized with 1 workers
2026-03-25 18:17:32,957 - process_daemon - INFO - Check interval: 300 seconds
2026-03-25 18:17:32,958 - process_daemon - INFO - Max retries: 3, retry every 10 cycles, stale after 1.0h
2026-03-25 18:17:44,707 - process_daemon - INFO - Process daemon initialized with 1 workers
2026-03-25 18:17:44,707 - process_daemon - INFO - Check interval: 300 seconds
2026-03-25 18:17:44,707 - process_daemon - INFO - Max retries: 3, retry every 10 cycles, stale after 1.0h
2026-03-25 18:17:47,018 - process_daemon - INFO - Process daemon initialized with 1 workers
2026-03-25 18:17:47,018 - process_daemon - INFO - Check interval: 300 seconds
2026-03-25 18:17:47,018 - process_daemon - INFO - Max retries: 3, retry every 10 cycles, stale after 1.0h
2026-03-25 18:17:50,354 - process_daemon - INFO - Process daemon initialized with 1 workers
2026-03-25 18:17:50,354 - process_daemon - INFO - Check interval: 300 seconds
2026-03-25 18:17:50,354 - process_daemon - INFO - Max retries: 3, retry every 10 cycles, stale after 1.0h
2026-03-25 18:17:54,532 - process_daemon - INFO - Process daemon initialized with 1 workers
2026-03-25 18:17:54,532 - process_daemon - INFO - Check interval: 300 seconds
2026-03-25 18:17:54,532 - process_daemon - INFO - Max retries: 3, retry every 10 cycles, stale after 1.0h
2026-03-25 18:17:56,543 - process_daemon - INFO - Process daemon initialized with 1 workers
2026-03-25 18:17:56,543 - process_daemon - INFO - Check interval: 300 seconds
2026-03-25 18:17:56,543 - process_daemon - INFO - Max retries: 3, retry every 10 cycles, stale after 1.0h
2026-03-25 18:17:57,894 - process_daemon - INFO - Process daemon initialized with 1 workers
2026-03-25 18:17:57,894 - process_daemon - INFO - Check interval: 300 seconds
2026-03-25 18:17:57,894 - process_daemon - INFO - Max retries: 3, retry every 10 cycles, stale after 1.0h
2026-03-25 18:18:10,784 - process_daemon - INFO - Process daemon initialized with 1 workers
2026-03-25 18:18:10,784 - process_daemon - INFO - Check interval: 300 seconds
2026-03-25 18:18:10,784 - process_daemon - INFO - Max retries: 3, retry every 10 cycles, stale after 1.0h
Query execution error: 1213 (40001): Deadlock found when trying to get lock; try restarting transaction
Database connection error: 1213 (40001): Deadlock found when trying to get lock; try restarting transaction
Query execution error: 1213 (40001): Deadlock found when trying to get lock; try restarting transaction
Database connection error: 1213 (40001): Deadlock found when trying to get lock; try restarting transaction
Query execution error: 1213 (40001): Deadlock found when trying to get lock; try restarting transaction
Database connection error: 1213 (40001): Deadlock found when trying to get lock; try restarting transaction
Query execution error: 1213 (40001): Deadlock found when trying to get lock; try restarting transaction
Database connection error: 1213 (40001): Deadlock found when trying to get lock; try restarting transaction
Query execution error: 1213 (40001): Deadlock found when trying to get lock; try restarting transaction
Database connection error: 1213 (40001): Deadlock found when trying to get lock; try restarting transaction
Query execution error: 1213 (40001): Deadlock found when trying to get lock; try restarting transaction
Database connection error: 1213 (40001): Deadlock found when trying to get lock; try restarting transaction
Query execution error: 1213 (40001): Deadlock found when trying to get lock; try restarting transaction
Database connection error: 1213 (40001): Deadlock found when trying to get lock; try restarting transaction
Query execution error: 1213 (40001): Deadlock found when trying to get lock; try restarting transaction
Database connection error: 1213 (40001): Deadlock found when trying to get lock; try restarting transaction
Query execution error: 1213 (40001): Deadlock found when trying to get lock; try restarting transaction
Database connection error: 1213 (40001): Deadlock found when trying to get lock; try restarting transaction
Query execution error: 1213 (40001): Deadlock found when trying to get lock; try restarting transaction
Database connection error: 1213 (40001): Deadlock found when trying to get lock; try restarting transaction
Query execution error: 1213 (40001): Deadlock found when trying to get lock; try restarting transaction
Database connection error: 1213 (40001): Deadlock found when trying to get lock; try restarting transaction
Query execution error: 1213 (40001): Deadlock found when trying to get lock; try restarting transaction
Database connection error: 1213 (40001): Deadlock found when trying to get lock; try restarting transaction
Query execution error: 1213 (40001): Deadlock found when trying to get lock; try restarting transaction
Database connection error: 1213 (40001): Deadlock found when trying to get lock; try restarting transaction
Query execution error: 1213 (40001): Deadlock found when trying to get lock; try restarting transaction
Database connection error: 1213 (40001): Deadlock found when trying to get lock; try restarting transaction
Query execution error: 1213 (40001): Deadlock found when trying to get lock; try restarting transaction
Database connection error: 1213 (40001): Deadlock found when trying to get lock; try restarting transaction
Query execution error: 1213 (40001): Deadlock found when trying to get lock; try restarting transaction
Database connection error: 1213 (40001): Deadlock found when trying to get lock; try restarting transaction
Query execution error: 1213 (40001): Deadlock found when trying to get lock; try restarting transaction
Database connection error: 1213 (40001): Deadlock found when trying to get lock; try restarting transaction
Query execution error: 1213 (40001): Deadlock found when trying to get lock; try restarting transaction
Database connection error: 1213 (40001): Deadlock found when trying to get lock; try restarting transaction
Query execution error: 1213 (40001): Deadlock found when trying to get lock; try restarting transaction
Database connection error: 1213 (40001): Deadlock found when trying to get lock; try restarting transaction
Query execution error: 1213 (40001): Deadlock found when trying to get lock; try restarting transaction
Database connection error: 1213 (40001): Deadlock found when trying to get lock; try restarting transaction
Query execution error: 1213 (40001): Deadlock found when trying to get lock; try restarting transaction
Database connection error: 1213 (40001): Deadlock found when trying to get lock; try restarting transaction
Query execution error: 1213 (40001): Deadlock found when trying to get lock; try restarting transaction
Database connection error: 1213 (40001): Deadlock found when trying to get lock; try restarting transaction
Query execution error: 1213 (40001): Deadlock found when trying to get lock; try restarting transaction
Database connection error: 1213 (40001): Deadlock found when trying to get lock; try restarting transaction
Query execution error: 1213 (40001): Deadlock found when trying to get lock; try restarting transaction
Database connection error: 1213 (40001): Deadlock found when trying to get lock; try restarting transaction
Query execution error: 1213 (40001): Deadlock found when trying to get lock; try restarting transaction
Database connection error: 1213 (40001): Deadlock found when trying to get lock; try restarting transaction
Query execution error: 1213 (40001): Deadlock found when trying to get lock; try restarting transaction
Database connection error: 1213 (40001): Deadlock found when trying to get lock; try restarting transaction
Query execution error: 1213 (40001): Deadlock found when trying to get lock; try restarting transaction
Database connection error: 1213 (40001): Deadlock found when trying to get lock; try restarting transaction
Query execution error: 1213 (40001): Deadlock found when trying to get lock; try restarting transaction
Database connection error: 1213 (40001): Deadlock found when trying to get lock; try restarting transaction
Query execution error: 1213 (40001): Deadlock found when trying to get lock; try restarting transaction
Database connection error: 1213 (40001): Deadlock found when trying to get lock; try restarting transaction
Query execution error: 1213 (40001): Deadlock found when trying to get lock; try restarting transaction
Database connection error: 1213 (40001): Deadlock found when trying to get lock; try restarting transaction
Query execution error: 1213 (40001): Deadlock found when trying to get lock; try restarting transaction
Database connection error: 1213 (40001): Deadlock found when trying to get lock; try restarting transaction
Query execution error: 1213 (40001): Deadlock found when trying to get lock; try restarting transaction
Database connection error: 1213 (40001): Deadlock found when trying to get lock; try restarting transaction
Query execution error: 1213 (40001): Deadlock found when trying to get lock; try restarting transaction
Database connection error: 1213 (40001): Deadlock found when trying to get lock; try restarting transaction
Query execution error: 1213 (40001): Deadlock found when trying to get lock; try restarting transaction
Database connection error: 1213 (40001): Deadlock found when trying to get lock; try restarting transaction
Query execution error: 1213 (40001): Deadlock found when trying to get lock; try restarting transaction
Database connection error: 1213 (40001): Deadlock found when trying to get lock; try restarting transaction
Query execution error: 1213 (40001): Deadlock found when trying to get lock; try restarting transaction
Database connection error: 1213 (40001): Deadlock found when trying to get lock; try restarting transaction
Query execution error: 1213 (40001): Deadlock found when trying to get lock; try restarting transaction
Database connection error: 1213 (40001): Deadlock found when trying to get lock; try restarting transaction
Query execution error: 1213 (40001): Deadlock found when trying to get lock; try restarting transaction
Database connection error: 1213 (40001): Deadlock found when trying to get lock; try restarting transaction
Query execution error: 1213 (40001): Deadlock found when trying to get lock; try restarting transaction
Database connection error: 1213 (40001): Deadlock found when trying to get lock; try restarting transaction
Query execution error: 1213 (40001): Deadlock found when trying to get lock; try restarting transaction
Database connection error: 1213 (40001): Deadlock found when trying to get lock; try restarting transaction
Query execution error: 1213 (40001): Deadlock found when trying to get lock; try restarting transaction
Database connection error: 1213 (40001): Deadlock found when trying to get lock; try restarting transaction
Query execution error: 1213 (40001): Deadlock found when trying to get lock; try restarting transaction
Database connection error: 1213 (40001): Deadlock found when trying to get lock; try restarting transaction
Query execution error: 1213 (40001): Deadlock found when trying to get lock; try restarting transaction
Database connection error: 1213 (40001): Deadlock found when trying to get lock; try restarting transaction
Query execution error: 1213 (40001): Deadlock found when trying to get lock; try restarting transaction
Database connection error: 1213 (40001): Deadlock found when trying to get lock; try restarting transaction
Query execution error: 1213 (40001): Deadlock found when trying to get lock; try restarting transaction
Database connection error: 1213 (40001): Deadlock found when trying to get lock; try restarting transaction
Query execution error: 1213 (40001): Deadlock found when trying to get lock; try restarting transaction
Database connection error: 1213 (40001): Deadlock found when trying to get lock; try restarting transaction
Query execution error: 1213 (40001): Deadlock found when trying to get lock; try restarting transaction
Database connection error: 1213 (40001): Deadlock found when trying to get lock; try restarting transaction
Query execution error: 1213 (40001): Deadlock found when trying to get lock; try restarting transaction
Database connection error: 1213 (40001): Deadlock found when trying to get lock; try restarting transaction
Query execution error: 1213 (40001): Deadlock found when trying to get lock; try restarting transaction
Database connection error: 1213 (40001): Deadlock found when trying to get lock; try restarting transaction
Query execution error: 1213 (40001): Deadlock found when trying to get lock; try restarting transaction
Database connection error: 1213 (40001): Deadlock found when trying to get lock; try restarting transaction
Query execution error: 1213 (40001): Deadlock found when trying to get lock; try restarting transaction
Database connection error: 1213 (40001): Deadlock found when trying to get lock; try restarting transaction
Query execution error: 1213 (40001): Deadlock found when trying to get lock; try restarting transaction
Database connection error: 1213 (40001): Deadlock found when trying to get lock; try restarting transaction
Query execution error: 1213 (40001): Deadlock found when trying to get lock; try restarting transaction
Database connection error: 1213 (40001): Deadlock found when trying to get lock; try restarting transaction
Query execution error: 1213 (40001): Deadlock found when trying to get lock; try restarting transaction
Database connection error: 1213 (40001): Deadlock found when trying to get lock; try restarting transaction
Query execution error: 1213 (40001): Deadlock found when trying to get lock; try restarting transaction
Database connection error: 1213 (40001): Deadlock found when trying to get lock; try restarting transaction
Query execution error: 1213 (40001): Deadlock found when trying to get lock; try restarting transaction
Database connection error: 1213 (40001): Deadlock found when trying to get lock; try restarting transaction
Query execution error: 1213 (40001): Deadlock found when trying to get lock; try restarting transaction
Database connection error: 1213 (40001): Deadlock found when trying to get lock; try restarting transaction
Query execution error: 1213 (40001): Deadlock found when trying to get lock; try restarting transaction
Database connection error: 1213 (40001): Deadlock found when trying to get lock; try restarting transaction
Query execution error: 1213 (40001): Deadlock found when trying to get lock; try restarting transaction
Database connection error: 1213 (40001): Deadlock found when trying to get lock; try restarting transaction
Query execution error: 1213 (40001): Deadlock found when trying to get lock; try restarting transaction
Database connection error: 1213 (40001): Deadlock found when trying to get lock; try restarting transaction
Query execution error: 1213 (40001): Deadlock found when trying to get lock; try restarting transaction
Database connection error: 1213 (40001): Deadlock found when trying to get lock; try restarting transaction
Query execution error: 1213 (40001): Deadlock found when trying to get lock; try restarting transaction
Database connection error: 1213 (40001): Deadlock found when trying to get lock; try restarting transaction
Query execution error: 1213 (40001): Deadlock found when trying to get lock; try restarting transaction
Database connection error: 1213 (40001): Deadlock found when trying to get lock; try restarting transaction
Query execution error: 1213 (40001): Deadlock found when trying to get lock; try restarting transaction
Database connection error: 1213 (40001): Deadlock found when trying to get lock; try restarting transaction
Query execution error: 1213 (40001): Deadlock found when trying to get lock; try restarting transaction
Database connection error: 1213 (40001): Deadlock found when trying to get lock; try restarting transaction
Query execution error: 1213 (40001): Deadlock found when trying to get lock; try restarting transaction
Database connection error: 1213 (40001): Deadlock found when trying to get lock; try restarting transaction
Query execution error: 1213 (40001): Deadlock found when trying to get lock; try restarting transaction
Database connection error: 1213 (40001): Deadlock found when trying to get lock; try restarting transaction
Query execution error: 1213 (40001): Deadlock found when trying to get lock; try restarting transaction
Database connection error: 1213 (40001): Deadlock found when trying to get lock; try restarting transaction
Query execution error: 1213 (40001): Deadlock found when trying to get lock; try restarting transaction
Database connection error: 1213 (40001): Deadlock found when trying to get lock; try restarting transaction
Query execution error: 1213 (40001): Deadlock found when trying to get lock; try restarting transaction
Database connection error: 1213 (40001): Deadlock found when trying to get lock; try restarting transaction
Query execution error: 1213 (40001): Deadlock found when trying to get lock; try restarting transaction
Database connection error: 1213 (40001): Deadlock found when trying to get lock; try restarting transaction
Query execution error: 1213 (40001): Deadlock found when trying to get lock; try restarting transaction
Database connection error: 1213 (40001): Deadlock found when trying to get lock; try restarting transaction
Query execution error: 1213 (40001): Deadlock found when trying to get lock; try restarting transaction
Database connection error: 1213 (40001): Deadlock found when trying to get lock; try restarting transaction
Query execution error: 1213 (40001): Deadlock found when trying to get lock; try restarting transaction
Database connection error: 1213 (40001): Deadlock found when trying to get lock; try restarting transaction
Query execution error: 1213 (40001): Deadlock found when trying to get lock; try restarting transaction
Database connection error: 1213 (40001): Deadlock found when trying to get lock; try restarting transaction
Query execution error: 1213 (40001): Deadlock found when trying to get lock; try restarting transaction
Database connection error: 1213 (40001): Deadlock found when trying to get lock; try restarting transaction
Query execution error: 1213 (40001): Deadlock found when trying to get lock; try restarting transaction
Database connection error: 1213 (40001): Deadlock found when trying to get lock; try restarting transaction
Query execution error: 1213 (40001): Deadlock found when trying to get lock; try restarting transaction
Database connection error: 1213 (40001): Deadlock found when trying to get lock; try restarting transaction
Query execution error: 1213 (40001): Deadlock found when trying to get lock; try restarting transaction
Database connection error: 1213 (40001): Deadlock found when trying to get lock; try restarting transaction
Query execution error: 1213 (40001): Deadlock found when trying to get lock; try restarting transaction
Database connection error: 1213 (40001): Deadlock found when trying to get lock; try restarting transaction
Query execution error: 1213 (40001): Deadlock found when trying to get lock; try restarting transaction
Database connection error: 1213 (40001): Deadlock found when trying to get lock; try restarting transaction
Query execution error: 1213 (40001): Deadlock found when trying to get lock; try restarting transaction
Database connection error: 1213 (40001): Deadlock found when trying to get lock; try restarting transaction
Query execution error: 1213 (40001): Deadlock found when trying to get lock; try restarting transaction
Database connection error: 1213 (40001): Deadlock found when trying to get lock; try restarting transaction
Query execution error: 1213 (40001): Deadlock found when trying to get lock; try restarting transaction
Database connection error: 1213 (40001): Deadlock found when trying to get lock; try restarting transaction
Query execution error: 1213 (40001): Deadlock found when trying to get lock; try restarting transaction
Database connection error: 1213 (40001): Deadlock found when trying to get lock; try restarting transaction
Query execution error: 1213 (40001): Deadlock found when trying to get lock; try restarting transaction
Database connection error: 1213 (40001): Deadlock found when trying to get lock; try restarting transaction
Query execution error: 1213 (40001): Deadlock found when trying to get lock; try restarting transaction
Database connection error: 1213 (40001): Deadlock found when trying to get lock; try restarting transaction
Query execution error: 1213 (40001): Deadlock found when trying to get lock; try restarting transaction
Database connection error: 1213 (40001): Deadlock found when trying to get lock; try restarting transaction
Query execution error: 1213 (40001): Deadlock found when trying to get lock; try restarting transaction
Database connection error: 1213 (40001): Deadlock found when trying to get lock; try restarting transaction
Query execution error: 1213 (40001): Deadlock found when trying to get lock; try restarting transaction
Database connection error: 1213 (40001): Deadlock found when trying to get lock; try restarting transaction
Query execution error: 1213 (40001): Deadlock found when trying to get lock; try restarting transaction
Database connection error: 1213 (40001): Deadlock found when trying to get lock; try restarting transaction
Query execution error: 1213 (40001): Deadlock found when trying to get lock; try restarting transaction
Database connection error: 1213 (40001): Deadlock found when trying to get lock; try restarting transaction
Query execution error: 1213 (40001): Deadlock found when trying to get lock; try restarting transaction
Database connection error: 1213 (40001): Deadlock found when trying to get lock; try restarting transaction
Query execution error: 1213 (40001): Deadlock found when trying to get lock; try restarting transaction
Database connection error: 1213 (40001): Deadlock found when trying to get lock; try restarting transaction
Query execution error: 1213 (40001): Deadlock found when trying to get lock; try restarting transaction
Database connection error: 1213 (40001): Deadlock found when trying to get lock; try restarting transaction
Query execution error: 1213 (40001): Deadlock found when trying to get lock; try restarting transaction
Database connection error: 1213 (40001): Deadlock found when trying to get lock; try restarting transaction
Query execution error: 1213 (40001): Deadlock found when trying to get lock; try restarting transaction
Database connection error: 1213 (40001): Deadlock found when trying to get lock; try restarting transaction
Query execution error: 1213 (40001): Deadlock found when trying to get lock; try restarting transaction
Database connection error: 1213 (40001): Deadlock found when trying to get lock; try restarting transaction
Query execution error: 1213 (40001): Deadlock found when trying to get lock; try restarting transaction
Database connection error: 1213 (40001): Deadlock found when trying to get lock; try restarting transaction
Query execution error: 1213 (40001): Deadlock found when trying to get lock; try restarting transaction
Database connection error: 1213 (40001): Deadlock found when trying to get lock; try restarting transaction
Query execution error: 1213 (40001): Deadlock found when trying to get lock; try restarting transaction
Database connection error: 1213 (40001): Deadlock found when trying to get lock; try restarting transaction
Query execution error: 1213 (40001): Deadlock found when trying to get lock; try restarting transaction
Database connection error: 1213 (40001): Deadlock found when trying to get lock; try restarting transaction
Query execution error: 1213 (40001): Deadlock found when trying to get lock; try restarting transaction
Database connection error: 1213 (40001): Deadlock found when trying to get lock; try restarting transaction
Query execution error: 1213 (40001): Deadlock found when trying to get lock; try restarting transaction
Database connection error: 1213 (40001): Deadlock found when trying to get lock; try restarting transaction
Query execution error: 1213 (40001): Deadlock found when trying to get lock; try restarting transaction
Database connection error: 1213 (40001): Deadlock found when trying to get lock; try restarting transaction
Query execution error: 1213 (40001): Deadlock found when trying to get lock; try restarting transaction
Database connection error: 1213 (40001): Deadlock found when trying to get lock; try restarting transaction
Query execution error: 1213 (40001): Deadlock found when trying to get lock; try restarting transaction
Database connection error: 1213 (40001): Deadlock found when trying to get lock; try restarting transaction
Query execution error: 1213 (40001): Deadlock found when trying to get lock; try restarting transaction
Database connection error: 1213 (40001): Deadlock found when trying to get lock; try restarting transaction
Query execution error: 1213 (40001): Deadlock found when trying to get lock; try restarting transaction
Database connection error: 1213 (40001): Deadlock found when trying to get lock; try restarting transaction
Query execution error: 1213 (40001): Deadlock found when trying to get lock; try restarting transaction
Database connection error: 1213 (40001): Deadlock found when trying to get lock; try restarting transaction
Query execution error: 1213 (40001): Deadlock found when trying to get lock; try restarting transaction
Database connection error: 1213 (40001): Deadlock found when trying to get lock; try restarting transaction
Query execution error: 1213 (40001): Deadlock found when trying to get lock; try restarting transaction
Database connection error: 1213 (40001): Deadlock found when trying to get lock; try restarting transaction
Query execution error: 1213 (40001): Deadlock found when trying to get lock; try restarting transaction
Database connection error: 1213 (40001): Deadlock found when trying to get lock; try restarting transaction
Query execution error: 1213 (40001): Deadlock found when trying to get lock; try restarting transaction
Database connection error: 1213 (40001): Deadlock found when trying to get lock; try restarting transaction
Query execution error: 1213 (40001): Deadlock found when trying to get lock; try restarting transaction
Database connection error: 1213 (40001): Deadlock found when trying to get lock; try restarting transaction
Query execution error: 1213 (40001): Deadlock found when trying to get lock; try restarting transaction
Database connection error: 1213 (40001): Deadlock found when trying to get lock; try restarting transaction
Query execution error: 1213 (40001): Deadlock found when trying to get lock; try restarting transaction
Database connection error: 1213 (40001): Deadlock found when trying to get lock; try restarting transaction
Query execution error: 1213 (40001): Deadlock found when trying to get lock; try restarting transaction
Database connection error: 1213 (40001): Deadlock found when trying to get lock; try restarting transaction
Query execution error: 1213 (40001): Deadlock found when trying to get lock; try restarting transaction
Database connection error: 1213 (40001): Deadlock found when trying to get lock; try restarting transaction
Query execution error: 1213 (40001): Deadlock found when trying to get lock; try restarting transaction
Database connection error: 1213 (40001): Deadlock found when trying to get lock; try restarting transaction
Query execution error: 1213 (40001): Deadlock found when trying to get lock; try restarting transaction
Database connection error: 1213 (40001): Deadlock found when trying to get lock; try restarting transaction
Query execution error: 1213 (40001): Deadlock found when trying to get lock; try restarting transaction
Database connection error: 1213 (40001): Deadlock found when trying to get lock; try restarting transaction
Query execution error: 1213 (40001): Deadlock found when trying to get lock; try restarting transaction
Database connection error: 1213 (40001): Deadlock found when trying to get lock; try restarting transaction
Query execution error: 1213 (40001): Deadlock found when trying to get lock; try restarting transaction
Database connection error: 1213 (40001): Deadlock found when trying to get lock; try restarting transaction
Query execution error: 1213 (40001): Deadlock found when trying to get lock; try restarting transaction
Database connection error: 1213 (40001): Deadlock found when trying to get lock; try restarting transaction
Query execution error: 1213 (40001): Deadlock found when trying to get lock; try restarting transaction
Database connection error: 1213 (40001): Deadlock found when trying to get lock; try restarting transaction
Query execution error: 1213 (40001): Deadlock found when trying to get lock; try restarting transaction
Database connection error: 1213 (40001): Deadlock found when trying to get lock; try restarting transaction
Query execution error: 1213 (40001): Deadlock found when trying to get lock; try restarting transaction
Database connection error: 1213 (40001): Deadlock found when trying to get lock; try restarting transaction
Query execution error: 1213 (40001): Deadlock found when trying to get lock; try restarting transaction
Database connection error: 1213 (40001): Deadlock found when trying to get lock; try restarting transaction
Query execution error: 1213 (40001): Deadlock found when trying to get lock; try restarting transaction
Database connection error: 1213 (40001): Deadlock found when trying to get lock; try restarting transaction
Query execution error: 1213 (40001): Deadlock found when trying to get lock; try restarting transaction
Database connection error: 1213 (40001): Deadlock found when trying to get lock; try restarting transaction
Query execution error: 1213 (40001): Deadlock found when trying to get lock; try restarting transaction
Database connection error: 1213 (40001): Deadlock found when trying to get lock; try restarting transaction
Query execution error: 1213 (40001): Deadlock found when trying to get lock; try restarting transaction
Database connection error: 1213 (40001): Deadlock found when trying to get lock; try restarting transaction
Query execution error: 1213 (40001): Deadlock found when trying to get lock; try restarting transaction
Database connection error: 1213 (40001): Deadlock found when trying to get lock; try restarting transaction
Query execution error: 1213 (40001): Deadlock found when trying to get lock; try restarting transaction
Database connection error: 1213 (40001): Deadlock found when trying to get lock; try restarting transaction
2026-03-26 11:18:53,050 - process_daemon - INFO - Process daemon initialized with 1 workers
2026-03-26 11:18:53,051 - process_daemon - INFO - Check interval: 300 seconds
2026-03-26 11:18:53,051 - process_daemon - INFO - Max retries: 3, retry every 10 cycles, stale after 1.0h
2026-03-26 11:18:56,798 - process_daemon - INFO - Process daemon initialized with 1 workers
2026-03-26 11:18:56,798 - process_daemon - INFO - Check interval: 300 seconds
2026-03-26 11:18:56,798 - process_daemon - INFO - Max retries: 3, retry every 10 cycles, stale after 1.0h
2026-03-26 11:19:09,266 - process_daemon - INFO - Process daemon initialized with 1 workers
2026-03-26 11:19:09,266 - process_daemon - INFO - Check interval: 300 seconds
2026-03-26 11:19:09,266 - process_daemon - INFO - Max retries: 3, retry every 10 cycles, stale after 1.0h
2026-03-26 11:19:15,119 - process_daemon - INFO - Process daemon initialized with 1 workers
2026-03-26 11:19:15,119 - process_daemon - INFO - Check interval: 300 seconds
2026-03-26 11:19:15,119 - process_daemon - INFO - Max retries: 3, retry every 10 cycles, stale after 1.0h
2026-03-26 11:19:56,095 - process_daemon - INFO - Process daemon initialized with 1 workers
2026-03-26 11:19:56,095 - process_daemon - INFO - Check interval: 300 seconds
2026-03-26 11:19:56,095 - process_daemon - INFO - Max retries: 3, retry every 10 cycles, stale after 1.0h
2026-03-26 11:25:12,453 - process_daemon - INFO - Process daemon initialized with 1 workers
2026-03-26 11:25:12,453 - process_daemon - INFO - Check interval: 60 seconds
2026-03-26 11:25:12,453 - process_daemon - INFO - Max retries: 3, retry every 10 cycles, stale after 1.0h
2026-03-26 11:25:12,454 - process_daemon - INFO - Process daemon initialized with 1 workers
2026-03-26 11:25:12,455 - process_daemon - INFO - Check interval: 60 seconds
2026-03-26 11:25:12,455 - process_daemon - INFO - Max retries: 3, retry every 10 cycles, stale after 1.0h
2026-03-26 11:25:12,456 - process_daemon - INFO - Process daemon initialized with 1 workers
2026-03-26 11:25:12,456 - process_daemon - INFO - Check interval: 60 seconds
2026-03-26 11:25:12,456 - process_daemon - INFO - Max retries: 3, retry every 10 cycles, stale after 1.0h
2026-03-26 11:25:12,458 - process_daemon - INFO - Process daemon initialized with 1 workers
2026-03-26 11:25:12,458 - process_daemon - INFO - Check interval: 60 seconds
2026-03-26 11:25:12,458 - process_daemon - INFO - Max retries: 3, retry every 10 cycles, stale after 1.0h
2026-03-26 11:25:12,459 - process_daemon - ERROR - Error cleaning up stale tasks: timeout
2026-03-26 11:25:12,460 - process_daemon - INFO - Process daemon initialized with 1 workers
2026-03-26 11:25:12,460 - process_daemon - INFO - Check interval: 60 seconds
2026-03-26 11:25:12,460 - process_daemon - INFO - Max retries: 3, retry every 10 cycles, stale after 1.0h
2026-03-26 11:25:12,461 - process_daemon - ERROR - Error cleaning up stale tasks: 
2026-03-26 11:25:12,462 - process_daemon - INFO - Process daemon initialized with 1 workers
2026-03-26 11:25:12,462 - process_daemon - INFO - Check interval: 60 seconds
2026-03-26 11:25:12,462 - process_daemon - INFO - Max retries: 3, retry every 10 cycles, stale after 1.0h
2026-03-26 11:25:12,463 - process_daemon - INFO - Process daemon initialized with 1 workers
2026-03-26 11:25:12,463 - process_daemon - INFO - Check interval: 60 seconds
2026-03-26 11:25:12,464 - process_daemon - INFO - Max retries: 3, retry every 10 cycles, stale after 2.0h
2026-03-26 11:25:12,470 - process_daemon - INFO - Process daemon initialized with 1 workers
2026-03-26 11:25:12,470 - process_daemon - INFO - Check interval: 60 seconds
2026-03-26 11:25:12,470 - process_daemon - INFO - Max retries: 3, retry every 10 cycles, stale after 1.0h
2026-03-26 11:25:12,470 - process_daemon - INFO - Time restriction enabled: 22:00 - 06:00
2026-03-26 11:25:12,472 - process_daemon - INFO - Process daemon initialized with 1 workers
2026-03-26 11:25:12,472 - process_daemon - INFO - Check interval: 60 seconds
2026-03-26 11:25:12,472 - process_daemon - INFO - Max retries: 3, retry every 10 cycles, stale after 1.0h
2026-03-26 11:25:12,472 - process_daemon - INFO - Time restriction enabled: 10:00 - 18:00
2026-03-26 11:25:12,474 - process_daemon - INFO - Process daemon initialized with 1 workers
2026-03-26 11:25:12,474 - process_daemon - INFO - Check interval: 60 seconds
2026-03-26 11:25:12,474 - process_daemon - INFO - Max retries: 3, retry every 10 cycles, stale after 1.0h
2026-03-26 11:25:12,474 - process_daemon - INFO - Time restriction enabled: 22:00 - 06:00
2026-03-26 11:25:12,475 - process_daemon - INFO - Process daemon initialized with 1 workers
2026-03-26 11:25:12,475 - process_daemon - INFO - Check interval: 60 seconds
2026-03-26 11:25:12,475 - process_daemon - INFO - Max retries: 3, retry every 10 cycles, stale after 1.0h
2026-03-26 11:25:12,476 - process_daemon - INFO - Process daemon initialized with 1 workers
2026-03-26 11:25:12,476 - process_daemon - INFO - Check interval: 60 seconds
2026-03-26 11:25:12,476 - process_daemon - INFO - Max retries: 3, retry every 10 cycles, stale after 1.0h
2026-03-26 11:25:12,476 - process_daemon - INFO - Time restriction enabled: 22:00 - 06:00
2026-03-26 11:25:12,478 - process_daemon - INFO - Process daemon initialized with 1 workers
2026-03-26 11:25:12,479 - process_daemon - INFO - Check interval: 60 seconds
2026-03-26 11:25:12,479 - process_daemon - INFO - Max retries: 3, retry every 10 cycles, stale after 1.0h
2026-03-26 11:25:12,479 - process_daemon - INFO - Time restriction enabled: 22:00 - 06:00
2026-03-26 11:25:12,480 - process_daemon - INFO - Process daemon initialized with 1 workers
2026-03-26 11:25:12,480 - process_daemon - INFO - Check interval: 60 seconds
2026-03-26 11:25:12,480 - process_daemon - INFO - Max retries: 3, retry every 10 cycles, stale after 1.0h
2026-03-26 11:25:12,480 - process_daemon - INFO - Time restriction enabled: 22:00 - 06:00
2026-03-26 11:25:12,482 - process_daemon - INFO - Process daemon initialized with 1 workers
2026-03-26 11:25:12,482 - process_daemon - INFO - Check interval: 60 seconds
2026-03-26 11:25:12,482 - process_daemon - INFO - Max retries: 3, retry every 10 cycles, stale after 1.0h
2026-03-26 11:25:12,482 - process_daemon - INFO - Time restriction enabled: 22:00 - 06:00
2026-03-26 11:25:12,483 - process_daemon - INFO - Process daemon initialized with 1 workers
2026-03-26 11:25:12,483 - process_daemon - INFO - Check interval: 60 seconds
2026-03-26 11:25:12,483 - process_daemon - INFO - Max retries: 3, retry every 10 cycles, stale after 1.0h
2026-03-26 11:25:12,483 - process_daemon - INFO - Time restriction enabled: 22:00 - 06:00
2026-03-26 11:25:12,485 - process_daemon - INFO - Process daemon initialized with 1 workers
2026-03-26 11:25:12,485 - process_daemon - INFO - Check interval: 60 seconds
2026-03-26 11:25:12,485 - process_daemon - INFO - Max retries: 3, retry every 10 cycles, stale after 1.0h
2026-03-26 11:25:12,486 - process_daemon - INFO - Process daemon initialized with 1 workers
2026-03-26 11:25:12,486 - process_daemon - INFO - Check interval: 60 seconds
2026-03-26 11:25:12,486 - process_daemon - INFO - Max retries: 3, retry every 10 cycles, stale after 1.0h
2026-03-26 11:25:12,486 - process_daemon - INFO - Time restriction enabled: 08:00 - 22:00
2026-03-26 11:25:12,488 - process_daemon - INFO - Process daemon initialized with 1 workers
2026-03-26 11:25:12,488 - process_daemon - INFO - Check interval: 60 seconds
2026-03-26 11:25:12,488 - process_daemon - INFO - Max retries: 3, retry every 10 cycles, stale after 1.0h
2026-03-26 11:25:12,488 - process_daemon - INFO - Time restriction enabled: 08:00 - 22:00
2026-03-26 11:25:12,489 - process_daemon - INFO - Process daemon initialized with 1 workers
2026-03-26 11:25:12,489 - process_daemon - INFO - Check interval: 60 seconds
2026-03-26 11:25:12,489 - process_daemon - INFO - Max retries: 3, retry every 10 cycles, stale after 1.0h
2026-03-26 11:25:12,490 - process_daemon - INFO - Process daemon initialized with 1 workers
2026-03-26 11:25:12,490 - process_daemon - INFO - Check interval: 60 seconds
2026-03-26 11:25:12,490 - process_daemon - INFO - Max retries: 3, retry every 10 cycles, stale after 1.0h
2026-03-26 11:25:12,491 - process_daemon - INFO - Process daemon initialized with 1 workers
2026-03-26 11:25:12,491 - process_daemon - INFO - Check interval: 60 seconds
2026-03-26 11:25:12,491 - process_daemon - INFO - Max retries: 3, retry every 10 cycles, stale after 1.0h
2026-03-26 11:25:12,492 - process_daemon - INFO - Process daemon initialized with 1 workers
2026-03-26 11:25:12,492 - process_daemon - INFO - Check interval: 60 seconds
2026-03-26 11:25:12,492 - process_daemon - INFO - Max retries: 3, retry every 10 cycles, stale after 1.0h
2026-03-26 11:25:12,493 - process_daemon - INFO - Process daemon initialized with 1 workers
2026-03-26 11:25:12,493 - process_daemon - INFO - Check interval: 60 seconds
2026-03-26 11:25:12,493 - process_daemon - INFO - Max retries: 3, retry every 10 cycles, stale after 1.0h
2026-03-26 11:25:12,494 - process_daemon - ERROR - Error retrying failed tasks: DB error
2026-03-26 11:25:12,494 - process_daemon - INFO - Process daemon initialized with 1 workers
2026-03-26 11:25:12,494 - process_daemon - INFO - Check interval: 60 seconds
2026-03-26 11:25:12,495 - process_daemon - INFO - Max retries: 3, retry every 10 cycles, stale after 1.0h
2026-03-26 11:25:12,496 - process_daemon - INFO - Process daemon initialized with 1 workers
2026-03-26 11:25:12,496 - process_daemon - INFO - Check interval: 60 seconds
2026-03-26 11:25:12,496 - process_daemon - INFO - Max retries: 3, retry every 10 cycles, stale after 1.0h
2026-03-26 11:25:12,497 - process_daemon - INFO - Retried 2 failed task(s) (max_retries=3)
2026-03-26 11:26:36,929 - process_daemon - INFO - Process daemon initialized with 1 workers
2026-03-26 11:26:36,929 - process_daemon - INFO - Check interval: 60 seconds
2026-03-26 11:26:36,929 - process_daemon - INFO - Max retries: 3, retry every 10 cycles, stale after 1.0h
2026-03-26 11:26:36,930 - process_daemon - INFO - Process daemon initialized with 1 workers
2026-03-26 11:26:36,930 - process_daemon - INFO - Check interval: 60 seconds
2026-03-26 11:26:36,930 - process_daemon - INFO - Max retries: 3, retry every 10 cycles, stale after 1.0h
2026-03-26 11:26:36,932 - process_daemon - INFO - Process daemon initialized with 1 workers
2026-03-26 11:26:36,932 - process_daemon - INFO - Check interval: 60 seconds
2026-03-26 11:26:36,932 - process_daemon - INFO - Max retries: 3, retry every 10 cycles, stale after 1.0h
2026-03-26 11:26:36,934 - process_daemon - INFO - Process daemon initialized with 1 workers
2026-03-26 11:26:36,934 - process_daemon - INFO - Check interval: 60 seconds
2026-03-26 11:26:36,934 - process_daemon - INFO - Max retries: 3, retry every 10 cycles, stale after 1.0h
2026-03-26 11:26:36,934 - process_daemon - ERROR - Error cleaning up stale tasks: timeout
2026-03-26 11:26:36,936 - process_daemon - INFO - Process daemon initialized with 1 workers
2026-03-26 11:26:36,936 - process_daemon - INFO - Check interval: 60 seconds
2026-03-26 11:26:36,936 - process_daemon - INFO - Max retries: 3, retry every 10 cycles, stale after 1.0h
2026-03-26 11:26:36,937 - process_daemon - WARNING - Cleaned up 2 stale task(s) (>1.0h in processing)
2026-03-26 11:26:36,938 - process_daemon - INFO - Process daemon initialized with 1 workers
2026-03-26 11:26:36,938 - process_daemon - INFO - Check interval: 60 seconds
2026-03-26 11:26:36,938 - process_daemon - INFO - Max retries: 3, retry every 10 cycles, stale after 1.0h
2026-03-26 11:26:36,939 - process_daemon - INFO - Process daemon initialized with 1 workers
2026-03-26 11:26:36,939 - process_daemon - INFO - Check interval: 60 seconds
2026-03-26 11:26:36,939 - process_daemon - INFO - Max retries: 3, retry every 10 cycles, stale after 2.0h
2026-03-26 11:26:36,944 - process_daemon - INFO - Process daemon initialized with 1 workers
2026-03-26 11:26:36,944 - process_daemon - INFO - Check interval: 60 seconds
2026-03-26 11:26:36,944 - process_daemon - INFO - Max retries: 3, retry every 10 cycles, stale after 1.0h
2026-03-26 11:26:36,944 - process_daemon - INFO - Time restriction enabled: 22:00 - 06:00
2026-03-26 11:26:36,945 - process_daemon - INFO - Process daemon initialized with 1 workers
2026-03-26 11:26:36,945 - process_daemon - INFO - Check interval: 60 seconds
2026-03-26 11:26:36,945 - process_daemon - INFO - Max retries: 3, retry every 10 cycles, stale after 1.0h
2026-03-26 11:26:36,945 - process_daemon - INFO - Time restriction enabled: 10:00 - 18:00
2026-03-26 11:26:36,947 - process_daemon - INFO - Process daemon initialized with 1 workers
2026-03-26 11:26:36,947 - process_daemon - INFO - Check interval: 60 seconds
2026-03-26 11:26:36,947 - process_daemon - INFO - Max retries: 3, retry every 10 cycles, stale after 1.0h
2026-03-26 11:26:36,947 - process_daemon - INFO - Time restriction enabled: 22:00 - 06:00
2026-03-26 11:26:36,948 - process_daemon - INFO - Process daemon initialized with 1 workers
2026-03-26 11:26:36,948 - process_daemon - INFO - Check interval: 60 seconds
2026-03-26 11:26:36,948 - process_daemon - INFO - Max retries: 3, retry every 10 cycles, stale after 1.0h
2026-03-26 11:26:36,949 - process_daemon - INFO - Process daemon initialized with 1 workers
2026-03-26 11:26:36,949 - process_daemon - INFO - Check interval: 60 seconds
2026-03-26 11:26:36,949 - process_daemon - INFO - Max retries: 3, retry every 10 cycles, stale after 1.0h
2026-03-26 11:26:36,949 - process_daemon - INFO - Time restriction enabled: 22:00 - 06:00
2026-03-26 11:26:36,951 - process_daemon - INFO - Process daemon initialized with 1 workers
2026-03-26 11:26:36,951 - process_daemon - INFO - Check interval: 60 seconds
2026-03-26 11:26:36,951 - process_daemon - INFO - Max retries: 3, retry every 10 cycles, stale after 1.0h
2026-03-26 11:26:36,951 - process_daemon - INFO - Time restriction enabled: 22:00 - 06:00
2026-03-26 11:26:36,953 - process_daemon - INFO - Process daemon initialized with 1 workers
2026-03-26 11:26:36,953 - process_daemon - INFO - Check interval: 60 seconds
2026-03-26 11:26:36,954 - process_daemon - INFO - Max retries: 3, retry every 10 cycles, stale after 1.0h
2026-03-26 11:26:36,954 - process_daemon - INFO - Time restriction enabled: 22:00 - 06:00
2026-03-26 11:26:36,956 - process_daemon - INFO - Process daemon initialized with 1 workers
2026-03-26 11:26:36,956 - process_daemon - INFO - Check interval: 60 seconds
2026-03-26 11:26:36,956 - process_daemon - INFO - Max retries: 3, retry every 10 cycles, stale after 1.0h
2026-03-26 11:26:36,956 - process_daemon - INFO - Time restriction enabled: 22:00 - 06:00
2026-03-26 11:26:36,958 - process_daemon - INFO - Process daemon initialized with 1 workers
2026-03-26 11:26:36,958 - process_daemon - INFO - Check interval: 60 seconds
2026-03-26 11:26:36,958 - process_daemon - INFO - Max retries: 3, retry every 10 cycles, stale after 1.0h
2026-03-26 11:26:36,958 - process_daemon - INFO - Time restriction enabled: 22:00 - 06:00
2026-03-26 11:26:36,960 - process_daemon - INFO - Process daemon initialized with 1 workers
2026-03-26 11:26:36,960 - process_daemon - INFO - Check interval: 60 seconds
2026-03-26 11:26:36,960 - process_daemon - INFO - Max retries: 3, retry every 10 cycles, stale after 1.0h
2026-03-26 11:26:36,962 - process_daemon - INFO - Process daemon initialized with 1 workers
2026-03-26 11:26:36,962 - process_daemon - INFO - Check interval: 60 seconds
2026-03-26 11:26:36,962 - process_daemon - INFO - Max retries: 3, retry every 10 cycles, stale after 1.0h
2026-03-26 11:26:36,962 - process_daemon - INFO - Time restriction enabled: 08:00 - 22:00
2026-03-26 11:26:36,963 - process_daemon - INFO - Process daemon initialized with 1 workers
2026-03-26 11:26:36,963 - process_daemon - INFO - Check interval: 60 seconds
2026-03-26 11:26:36,963 - process_daemon - INFO - Max retries: 3, retry every 10 cycles, stale after 1.0h
2026-03-26 11:26:36,963 - process_daemon - INFO - Time restriction enabled: 08:00 - 22:00
2026-03-26 11:26:36,964 - process_daemon - INFO - Process daemon initialized with 1 workers
2026-03-26 11:26:36,965 - process_daemon - INFO - Check interval: 60 seconds
2026-03-26 11:26:36,965 - process_daemon - INFO - Max retries: 3, retry every 10 cycles, stale after 1.0h
2026-03-26 11:26:36,965 - process_daemon - INFO - Process daemon initialized with 1 workers
2026-03-26 11:26:36,965 - process_daemon - INFO - Check interval: 60 seconds
2026-03-26 11:26:36,965 - process_daemon - INFO - Max retries: 3, retry every 10 cycles, stale after 1.0h
2026-03-26 11:26:36,966 - process_daemon - INFO - Process daemon initialized with 1 workers
2026-03-26 11:26:36,966 - process_daemon - INFO - Check interval: 60 seconds
2026-03-26 11:26:36,966 - process_daemon - INFO - Max retries: 3, retry every 10 cycles, stale after 1.0h
2026-03-26 11:26:36,967 - process_daemon - INFO - Process daemon initialized with 1 workers
2026-03-26 11:26:36,967 - process_daemon - INFO - Check interval: 60 seconds
2026-03-26 11:26:36,967 - process_daemon - INFO - Max retries: 3, retry every 10 cycles, stale after 1.0h
2026-03-26 11:26:36,968 - process_daemon - INFO - Process daemon initialized with 1 workers
2026-03-26 11:26:36,968 - process_daemon - INFO - Check interval: 60 seconds
2026-03-26 11:26:36,968 - process_daemon - INFO - Max retries: 3, retry every 10 cycles, stale after 1.0h
2026-03-26 11:26:36,969 - process_daemon - ERROR - Error retrying failed tasks: DB error
2026-03-26 11:26:36,970 - process_daemon - INFO - Process daemon initialized with 1 workers
2026-03-26 11:26:36,970 - process_daemon - INFO - Check interval: 60 seconds
2026-03-26 11:26:36,970 - process_daemon - INFO - Max retries: 3, retry every 10 cycles, stale after 1.0h
2026-03-26 11:26:36,972 - process_daemon - INFO - Process daemon initialized with 1 workers
2026-03-26 11:26:36,972 - process_daemon - INFO - Check interval: 60 seconds
2026-03-26 11:26:36,972 - process_daemon - INFO - Max retries: 3, retry every 10 cycles, stale after 1.0h
2026-03-26 11:26:36,973 - process_daemon - INFO - Retried 2 failed task(s) (max_retries=3)
2026-03-26 11:32:44,909 - process_daemon - INFO - Process daemon initialized with 1 workers
2026-03-26 11:32:44,910 - process_daemon - INFO - Check interval: 300 seconds
2026-03-26 11:32:44,910 - process_daemon - INFO - Max retries: 3, retry every 10 cycles, stale after 1.0h
2026-03-26 11:35:06,084 - process_daemon - INFO - Process daemon initialized with 1 workers
2026-03-26 11:35:06,084 - process_daemon - INFO - Check interval: 300 seconds
2026-03-26 11:35:06,084 - process_daemon - INFO - Max retries: 3, retry every 10 cycles, stale after 1.0h
Query execution error: 1213 (40001): Deadlock found when trying to get lock; try restarting transaction
Database connection error: 1213 (40001): Deadlock found when trying to get lock; try restarting transaction
Query execution error: 1213 (40001): Deadlock found when trying to get lock; try restarting transaction
Database connection error: 1213 (40001): Deadlock found when trying to get lock; try restarting transaction
Query execution error: 1213 (40001): Deadlock found when trying to get lock; try restarting transaction
Database connection error: 1213 (40001): Deadlock found when trying to get lock; try restarting transaction
2026-03-26 11:57:46,071 - process_daemon - INFO - Process daemon initialized with 1 workers
2026-03-26 11:57:46,071 - process_daemon - INFO - Check interval: 300 seconds
2026-03-26 11:57:46,071 - process_daemon - INFO - Max retries: 3, retry every 10 cycles, stale after 1.0h
2026-03-26 11:58:00,272 - process_daemon - INFO - Process daemon initialized with 1 workers
2026-03-26 11:58:00,272 - process_daemon - INFO - Check interval: 300 seconds
2026-03-26 11:58:00,272 - process_daemon - INFO - Max retries: 3, retry every 10 cycles, stale after 1.0h
2026-03-26 11:58:07,064 - process_daemon - INFO - Process daemon initialized with 1 workers
2026-03-26 11:58:07,064 - process_daemon - INFO - Check interval: 300 seconds
2026-03-26 11:58:07,064 - process_daemon - INFO - Max retries: 3, retry every 10 cycles, stale after 1.0h
2026-03-26 12:16:36,738 - process_daemon - INFO - Process daemon initialized with 1 workers
2026-03-26 12:16:36,738 - process_daemon - INFO - Check interval: 300 seconds
2026-03-26 12:16:36,738 - process_daemon - INFO - Max retries: 3, retry every 10 cycles, stale after 1.0h
2026-03-26 12:16:39,651 - process_daemon - INFO - Process daemon initialized with 1 workers
2026-03-26 12:16:39,651 - process_daemon - INFO - Check interval: 300 seconds
2026-03-26 12:16:39,652 - process_daemon - INFO - Max retries: 3, retry every 10 cycles, stale after 1.0h
2026-03-26 12:19:14,722 - process_daemon - INFO - Process daemon initialized with 1 workers
2026-03-26 12:19:14,722 - process_daemon - INFO - Check interval: 300 seconds
2026-03-26 12:19:14,722 - process_daemon - INFO - Max retries: 3, retry every 10 cycles, stale after 1.0h
2026-03-26 12:19:14,955 - process_daemon - INFO - Process daemon initialized with 1 workers
2026-03-26 12:19:14,955 - process_daemon - INFO - Check interval: 300 seconds
2026-03-26 12:19:14,955 - process_daemon - INFO - Max retries: 3, retry every 10 cycles, stale after 1.0h
2026-03-26 12:22:58,441 - process_daemon - INFO - Process daemon initialized with 1 workers
2026-03-26 12:22:58,441 - process_daemon - INFO - Check interval: 300 seconds
2026-03-26 12:22:58,441 - process_daemon - INFO - Max retries: 3, retry every 10 cycles, stale after 1.0h
2026-03-26 12:22:58,441 - process_daemon - INFO - Status monitoring stopped for process_daemon
2026-03-26 12:22:58,442 - process_daemon - INFO - Sent SIGTERM to process 76169
2026-03-26 12:22:59,442 - process_daemon - INFO - process_daemon daemon stopped successfully
2026-03-26 12:23:12,864 - process_daemon - INFO - Process daemon initialized with 1 workers
2026-03-26 12:23:12,864 - process_daemon - INFO - Check interval: 300 seconds
2026-03-26 12:23:12,864 - process_daemon - INFO - Max retries: 3, retry every 10 cycles, stale after 1.0h
2026-03-26 12:23:27,519 - process_daemon - INFO - Process daemon initialized with 1 workers
2026-03-26 12:23:27,519 - process_daemon - INFO - Check interval: 300 seconds
2026-03-26 12:23:27,519 - process_daemon - INFO - Max retries: 3, retry every 10 cycles, stale after 1.0h
2026-03-26 12:23:29,626 - process_daemon - INFO - Process daemon initialized with 1 workers
2026-03-26 12:23:29,626 - process_daemon - INFO - Check interval: 300 seconds
2026-03-26 12:23:29,626 - process_daemon - INFO - Max retries: 3, retry every 10 cycles, stale after 1.0h
Query execution error: 1213 (40001): Deadlock found when trying to get lock; try restarting transaction
Database connection error: 1213 (40001): Deadlock found when trying to get lock; try restarting transaction
Query execution error: 1213 (40001): Deadlock found when trying to get lock; try restarting transaction
Database connection error: 1213 (40001): Deadlock found when trying to get lock; try restarting transaction
2026-03-26 12:24:05,351 - process_daemon - INFO - Process daemon initialized with 1 workers
2026-03-26 12:24:05,351 - process_daemon - INFO - Check interval: 300 seconds
2026-03-26 12:24:05,351 - process_daemon - INFO - Max retries: 3, retry every 10 cycles, stale after 1.0h
2026-03-26 12:25:39,082 - process_daemon - INFO - Process daemon initialized with 1 workers
2026-03-26 12:25:39,082 - process_daemon - INFO - Check interval: 300 seconds
2026-03-26 12:25:39,083 - process_daemon - INFO - Max retries: 3, retry every 10 cycles, stale after 1.0h
2026-03-26 12:25:39,083 - process_daemon - INFO - Status monitoring stopped for process_daemon
2026-03-26 12:25:39,083 - process_daemon - INFO - Sent SIGTERM to process 2089864
2026-03-26 12:25:40,083 - process_daemon - INFO - process_daemon daemon stopped successfully
2026-03-26 12:27:15,855 - process_daemon - INFO - Process daemon initialized with 1 workers
2026-03-26 12:27:15,855 - process_daemon - INFO - Check interval: 300 seconds
2026-03-26 12:27:15,855 - process_daemon - INFO - Max retries: 3, retry every 10 cycles, stale after 1.0h
2026-03-26 12:27:17,068 - process_daemon - INFO - Process daemon initialized with 1 workers
2026-03-26 12:27:17,068 - process_daemon - INFO - Check interval: 300 seconds
2026-03-26 12:27:17,068 - process_daemon - INFO - Max retries: 3, retry every 10 cycles, stale after 1.0h
2026-03-26 12:27:19,191 - process_daemon - INFO - Process daemon initialized with 1 workers
2026-03-26 12:27:19,191 - process_daemon - INFO - Check interval: 300 seconds
2026-03-26 12:27:19,191 - process_daemon - INFO - Max retries: 3, retry every 10 cycles, stale after 1.0h
2026-03-26 12:29:11,575 - process_daemon - INFO - Process daemon initialized with 1 workers
2026-03-26 12:29:11,575 - process_daemon - INFO - Check interval: 300 seconds
2026-03-26 12:29:11,575 - process_daemon - INFO - Max retries: 3, retry every 10 cycles, stale after 1.0h
2026-03-26 12:29:15,751 - process_daemon - INFO - Process daemon initialized with 1 workers
2026-03-26 12:29:15,751 - process_daemon - INFO - Check interval: 300 seconds
2026-03-26 12:29:15,751 - process_daemon - INFO - Max retries: 3, retry every 10 cycles, stale after 1.0h
2026-03-26 12:29:22,113 - process_daemon - INFO - Process daemon initialized with 1 workers
2026-03-26 12:29:22,113 - process_daemon - INFO - Check interval: 300 seconds
2026-03-26 12:29:22,113 - process_daemon - INFO - Max retries: 3, retry every 10 cycles, stale after 1.0h
2026-03-26 12:29:22,113 - process_daemon - INFO - Status monitoring stopped for process_daemon
2026-03-26 12:29:22,113 - process_daemon - INFO - Sent SIGTERM to process 2100556
2026-03-26 12:29:23,113 - process_daemon - INFO - process_daemon daemon stopped successfully
2026-03-26 12:29:24,401 - process_daemon - INFO - Process daemon initialized with 1 workers
2026-03-26 12:29:24,401 - process_daemon - INFO - Check interval: 300 seconds
2026-03-26 12:29:24,401 - process_daemon - INFO - Max retries: 3, retry every 10 cycles, stale after 1.0h
2026-03-26 12:29:25,952 - process_daemon - INFO - Process daemon initialized with 1 workers
2026-03-26 12:29:25,952 - process_daemon - INFO - Check interval: 300 seconds
2026-03-26 12:29:25,952 - process_daemon - INFO - Max retries: 3, retry every 10 cycles, stale after 1.0h
2026-03-26 12:29:27,537 - process_daemon - INFO - Process daemon initialized with 1 workers
2026-03-26 12:29:27,537 - process_daemon - INFO - Check interval: 300 seconds
2026-03-26 12:29:27,537 - process_daemon - INFO - Max retries: 3, retry every 10 cycles, stale after 1.0h
2026-03-26 12:29:27,773 - process_daemon - INFO - Process daemon initialized with 1 workers
2026-03-26 12:29:27,773 - process_daemon - INFO - Check interval: 300 seconds
2026-03-26 12:29:27,773 - process_daemon - INFO - Max retries: 3, retry every 10 cycles, stale after 1.0h
2026-03-26 12:29:29,279 - process_daemon - INFO - Process daemon initialized with 1 workers
2026-03-26 12:29:29,279 - process_daemon - INFO - Check interval: 300 seconds
2026-03-26 12:29:29,279 - process_daemon - INFO - Max retries: 3, retry every 10 cycles, stale after 1.0h
2026-03-26 12:29:30,770 - process_daemon - INFO - Process daemon initialized with 1 workers
2026-03-26 12:29:30,770 - process_daemon - INFO - Check interval: 300 seconds
2026-03-26 12:29:30,771 - process_daemon - INFO - Max retries: 3, retry every 10 cycles, stale after 1.0h
2026-03-26 12:29:35,377 - process_daemon - INFO - Process daemon initialized with 1 workers
2026-03-26 12:29:35,377 - process_daemon - INFO - Check interval: 300 seconds
2026-03-26 12:29:35,377 - process_daemon - INFO - Max retries: 3, retry every 10 cycles, stale after 1.0h
2026-03-26 12:29:42,161 - process_daemon - INFO - Process daemon initialized with 1 workers
2026-03-26 12:29:42,161 - process_daemon - INFO - Check interval: 300 seconds
2026-03-26 12:29:42,161 - process_daemon - INFO - Max retries: 3, retry every 10 cycles, stale after 1.0h
2026-03-26 12:29:45,283 - process_daemon - INFO - Process daemon initialized with 1 workers
2026-03-26 12:29:45,283 - process_daemon - INFO - Check interval: 300 seconds
2026-03-26 12:29:45,283 - process_daemon - INFO - Max retries: 3, retry every 10 cycles, stale after 1.0h
2026-03-26 12:29:46,704 - process_daemon - INFO - Process daemon initialized with 1 workers
2026-03-26 12:29:46,705 - process_daemon - INFO - Check interval: 300 seconds
2026-03-26 12:29:46,705 - process_daemon - INFO - Max retries: 3, retry every 10 cycles, stale after 1.0h
2026-03-26 12:29:47,838 - process_daemon - INFO - Process daemon initialized with 1 workers
2026-03-26 12:29:47,838 - process_daemon - INFO - Check interval: 300 seconds
2026-03-26 12:29:47,838 - process_daemon - INFO - Max retries: 3, retry every 10 cycles, stale after 1.0h
2026-03-26 12:29:50,105 - process_daemon - INFO - Process daemon initialized with 1 workers
2026-03-26 12:29:50,105 - process_daemon - INFO - Check interval: 300 seconds
2026-03-26 12:29:50,106 - process_daemon - INFO - Max retries: 3, retry every 10 cycles, stale after 1.0h
2026-03-26 12:30:01,222 - process_daemon - INFO - Process daemon initialized with 1 workers
2026-03-26 12:30:01,222 - process_daemon - INFO - Check interval: 300 seconds
2026-03-26 12:30:01,222 - process_daemon - INFO - Max retries: 3, retry every 10 cycles, stale after 1.0h
2026-03-26 12:30:23,314 - process_daemon - INFO - Process daemon initialized with 1 workers
2026-03-26 12:30:23,314 - process_daemon - INFO - Check interval: 300 seconds
2026-03-26 12:30:23,314 - process_daemon - INFO - Max retries: 3, retry every 10 cycles, stale after 1.0h
2026-03-26 12:31:21,137 - process_daemon - INFO - Process daemon initialized with 1 workers
2026-03-26 12:31:21,137 - process_daemon - INFO - Check interval: 300 seconds
2026-03-26 12:31:21,137 - process_daemon - INFO - Max retries: 3, retry every 10 cycles, stale after 1.0h
2026-03-26 12:31:23,660 - process_daemon - INFO - Process daemon initialized with 1 workers
2026-03-26 12:31:23,660 - process_daemon - INFO - Check interval: 300 seconds
2026-03-26 12:31:23,660 - process_daemon - INFO - Max retries: 3, retry every 10 cycles, stale after 1.0h
2026-03-26 12:31:29,532 - process_daemon - INFO - Process daemon initialized with 1 workers
2026-03-26 12:31:29,532 - process_daemon - INFO - Check interval: 300 seconds
2026-03-26 12:31:29,532 - process_daemon - INFO - Max retries: 3, retry every 10 cycles, stale after 1.0h
2026-03-26 12:31:31,392 - process_daemon - INFO - Process daemon initialized with 1 workers
2026-03-26 12:31:31,393 - process_daemon - INFO - Check interval: 300 seconds
2026-03-26 12:31:31,393 - process_daemon - INFO - Max retries: 3, retry every 10 cycles, stale after 1.0h
2026-03-26 12:31:35,079 - process_daemon - INFO - Process daemon initialized with 1 workers
2026-03-26 12:31:35,079 - process_daemon - INFO - Check interval: 300 seconds
2026-03-26 12:31:35,079 - process_daemon - INFO - Max retries: 3, retry every 10 cycles, stale after 1.0h
2026-03-26 12:31:38,257 - process_daemon - INFO - Process daemon initialized with 1 workers
2026-03-26 12:31:38,257 - process_daemon - INFO - Check interval: 300 seconds
2026-03-26 12:31:38,257 - process_daemon - INFO - Max retries: 3, retry every 10 cycles, stale after 1.0h
2026-03-26 12:32:15,032 - process_daemon - INFO - Process daemon initialized with 1 workers
2026-03-26 12:32:15,032 - process_daemon - INFO - Check interval: 300 seconds
2026-03-26 12:32:15,033 - process_daemon - INFO - Max retries: 3, retry every 10 cycles, stale after 1.0h
2026-03-26 12:32:19,840 - process_daemon - INFO - Process daemon initialized with 1 workers
2026-03-26 12:32:19,840 - process_daemon - INFO - Check interval: 300 seconds
2026-03-26 12:32:19,840 - process_daemon - INFO - Max retries: 3, retry every 10 cycles, stale after 1.0h
2026-03-26 12:38:32,013 - process_daemon - INFO - Process daemon initialized with 1 workers
2026-03-26 12:38:32,013 - process_daemon - INFO - Check interval: 300 seconds
2026-03-26 12:38:32,013 - process_daemon - INFO - Max retries: 3, retry every 10 cycles, stale after 1.0h
2026-03-26 12:48:15,954 - process_daemon - INFO - Process daemon initialized with 1 workers
2026-03-26 12:48:15,954 - process_daemon - INFO - Check interval: 300 seconds
2026-03-26 12:48:15,954 - process_daemon - INFO - Max retries: 3, retry every 10 cycles, stale after 1.0h
2026-03-26 12:48:19,971 - process_daemon - INFO - Process daemon initialized with 1 workers
2026-03-26 12:48:19,972 - process_daemon - INFO - Check interval: 300 seconds
2026-03-26 12:48:19,972 - process_daemon - INFO - Max retries: 3, retry every 10 cycles, stale after 1.0h
Query execution error: 1213 (40001): Deadlock found when trying to get lock; try restarting transaction
Database connection error: 1213 (40001): Deadlock found when trying to get lock; try restarting transaction
2026-03-26 13:15:58,539 - process_daemon - INFO - Process daemon initialized with 1 workers
2026-03-26 13:15:58,539 - process_daemon - INFO - Check interval: 300 seconds
2026-03-26 13:15:58,539 - process_daemon - INFO - Max retries: 3, retry every 10 cycles, stale after 1.0h
2026-03-26 13:16:00,125 - process_daemon - INFO - Process daemon initialized with 1 workers
2026-03-26 13:16:00,125 - process_daemon - INFO - Check interval: 300 seconds
2026-03-26 13:16:00,125 - process_daemon - INFO - Max retries: 3, retry every 10 cycles, stale after 1.0h
2026-03-26 13:22:39,124 - process_daemon - INFO - Process daemon initialized with 1 workers
2026-03-26 13:22:39,125 - process_daemon - INFO - Check interval: 300 seconds
2026-03-26 13:22:39,125 - process_daemon - INFO - Max retries: 3, retry every 10 cycles, stale after 1.0h
